[2022-06-20T00:00:00+08:00][sql] CONNECT:[ UseTime:0.000458s ] mysql:host=127.0.0.1;port=3306;dbname=nitai4-xf;charset=utf8
[2022-06-20T00:00:00+08:00][sql] SHOW FULL COLUMNS FROM `xf_system` [ RunTime:0.001052s ]
[2022-06-20T00:00:00+08:00][sql] SELECT * FROM `xf_system` WHERE  `id` = 1 LIMIT 1 [ RunTime:0.000326s ]
[2022-06-20T00:00:00+08:00][sql] SHOW FULL COLUMNS FROM `xf_msg` [ RunTime:0.000691s ]
[2022-06-20T00:00:00+08:00][sql] SELECT * FROM `xf_msg` ORDER BY `id` DESC [ RunTime:0.000279s ]
[2022-06-20T00:00:00+08:00][sql] SHOW FULL COLUMNS FROM `xf_user` [ RunTime:0.000961s ]
[2022-06-20T00:00:00+08:00][sql] SELECT * FROM `xf_user` WHERE  `id` = 1 LIMIT 1 [ RunTime:0.000312s ]
[2022-06-20T00:00:01+08:00][sql] CONNECT:[ UseTime:0.000409s ] mysql:host=127.0.0.1;port=3306;dbname=nitai4-xf;charset=utf8
[2022-06-20T00:00:01+08:00][sql] SHOW FULL COLUMNS FROM `xf_system` [ RunTime:0.001010s ]
[2022-06-20T00:00:01+08:00][sql] SELECT * FROM `xf_system` WHERE  `id` = 1 LIMIT 1 [ RunTime:0.000345s ]
[2022-06-20T00:00:01+08:00][sql] SHOW FULL COLUMNS FROM `xf_msg` [ RunTime:0.000754s ]
[2022-06-20T00:00:01+08:00][sql] SELECT * FROM `xf_msg` ORDER BY `id` DESC [ RunTime:0.000200s ]
[2022-06-20T00:00:01+08:00][sql] SHOW FULL COLUMNS FROM `xf_user` [ RunTime:0.000788s ]
[2022-06-20T00:00:01+08:00][sql] SELECT * FROM `xf_user` WHERE  `id` = 1 LIMIT 1 [ RunTime:0.000245s ]
[2022-06-20T00:00:07+08:00][sql] CONNECT:[ UseTime:0.000416s ] mysql:host=127.0.0.1;port=3306;dbname=nitai4-xf;charset=utf8
[2022-06-20T00:00:07+08:00][sql] SHOW FULL COLUMNS FROM `xf_system` [ RunTime:0.000873s ]
[2022-06-20T00:00:07+08:00][sql] SELECT * FROM `xf_system` WHERE  `id` = 1 LIMIT 1 [ RunTime:0.000317s ]
[2022-06-20T00:00:07+08:00][sql] SHOW FULL COLUMNS FROM `xf_msg` [ RunTime:0.000690s ]
[2022-06-20T00:00:07+08:00][sql] SELECT * FROM `xf_msg` ORDER BY `id` DESC [ RunTime:0.000212s ]
[2022-06-20T00:00:07+08:00][sql] SHOW FULL COLUMNS FROM `xf_user` [ RunTime:0.000624s ]
[2022-06-20T00:00:07+08:00][sql] SELECT * FROM `xf_user` WHERE  `id` = 1 LIMIT 1 [ RunTime:0.000260s ]
[2022-06-20T00:01:20+08:00][sql] CONNECT:[ UseTime:0.000417s ] mysql:host=127.0.0.1;port=3306;dbname=nitai4-xf;charset=utf8
[2022-06-20T00:01:20+08:00][sql] SHOW FULL COLUMNS FROM `xf_system` [ RunTime:0.001033s ]
[2022-06-20T00:01:20+08:00][sql] SELECT * FROM `xf_system` WHERE  `id` = 1 LIMIT 1 [ RunTime:0.000336s ]
[2022-06-20T00:01:20+08:00][sql] SHOW FULL COLUMNS FROM `xf_msg` [ RunTime:0.000780s ]
[2022-06-20T00:01:20+08:00][sql] SELECT * FROM `xf_msg` ORDER BY `id` DESC [ RunTime:0.000259s ]
[2022-06-20T00:01:20+08:00][sql] SHOW FULL COLUMNS FROM `xf_user` [ RunTime:0.000815s ]
[2022-06-20T00:01:20+08:00][sql] SELECT * FROM `xf_user` WHERE  `id` = 1 LIMIT 1 [ RunTime:0.000322s ]
[2022-06-20T00:01:23+08:00][sql] CONNECT:[ UseTime:0.000403s ] mysql:host=127.0.0.1;port=3306;dbname=nitai4-xf;charset=utf8
[2022-06-20T00:01:23+08:00][sql] SHOW FULL COLUMNS FROM `xf_system` [ RunTime:0.000986s ]
[2022-06-20T00:01:23+08:00][sql] SELECT * FROM `xf_system` WHERE  `id` = 1 LIMIT 1 [ RunTime:0.000326s ]
[2022-06-20T00:01:23+08:00][sql] SHOW FULL COLUMNS FROM `xf_msg` [ RunTime:0.000608s ]
[2022-06-20T00:01:23+08:00][sql] SELECT * FROM `xf_msg` ORDER BY `id` DESC [ RunTime:0.000220s ]
[2022-06-20T00:01:23+08:00][sql] SHOW FULL COLUMNS FROM `xf_user` [ RunTime:0.000736s ]
[2022-06-20T00:01:23+08:00][sql] SELECT * FROM `xf_user` WHERE  `id` = 1 LIMIT 1 [ RunTime:0.000244s ]
[2022-06-20T00:01:24+08:00][sql] CONNECT:[ UseTime:0.000452s ] mysql:host=127.0.0.1;port=3306;dbname=nitai4-xf;charset=utf8
[2022-06-20T00:01:24+08:00][sql] SHOW FULL COLUMNS FROM `xf_system` [ RunTime:0.001091s ]
[2022-06-20T00:01:24+08:00][sql] SELECT * FROM `xf_system` WHERE  `id` = 1 LIMIT 1 [ RunTime:0.000374s ]
[2022-06-20T00:01:24+08:00][sql] SHOW FULL COLUMNS FROM `xf_friend` [ RunTime:0.000698s ]
[2022-06-20T00:01:24+08:00][sql] SELECT * FROM `xf_friend` WHERE  `userid` = 1  AND `status` = 0 ORDER BY `id` DESC [ RunTime:0.000379s ]
[2022-06-20T00:01:24+08:00][sql] SELECT * FROM `xf_friend` WHERE  `userid` = 1  AND `status` = 1 ORDER BY `id` DESC [ RunTime:0.000327s ]
[2022-06-20T00:01:24+08:00][sql] SHOW FULL COLUMNS FROM `xf_user` [ RunTime:0.000720s ]
[2022-06-20T00:01:24+08:00][sql] SELECT * FROM `xf_user` WHERE  `id` = 1 LIMIT 1 [ RunTime:0.000269s ]
[2022-06-20T00:01:38+08:00][sql] CONNECT:[ UseTime:0.000414s ] mysql:host=127.0.0.1;port=3306;dbname=nitai4-xf;charset=utf8
[2022-06-20T00:01:38+08:00][sql] SHOW FULL COLUMNS FROM `xf_friend` [ RunTime:0.000896s ]
[2022-06-20T00:01:38+08:00][sql] DELETE FROM `xf_friend` WHERE  `id` = 26 [ RunTime:0.003896s ]
[2022-06-20T00:01:38+08:00][sql] CONNECT:[ UseTime:0.000474s ] mysql:host=127.0.0.1;port=3306;dbname=nitai4-xf;charset=utf8
[2022-06-20T00:01:38+08:00][sql] SHOW FULL COLUMNS FROM `xf_system` [ RunTime:0.000930s ]
[2022-06-20T00:01:38+08:00][sql] SELECT * FROM `xf_system` WHERE  `id` = 1 LIMIT 1 [ RunTime:0.000379s ]
[2022-06-20T00:01:38+08:00][sql] SHOW FULL COLUMNS FROM `xf_friend` [ RunTime:0.000681s ]
[2022-06-20T00:01:38+08:00][sql] SELECT * FROM `xf_friend` WHERE  `userid` = 1  AND `status` = 0 ORDER BY `id` DESC [ RunTime:0.000279s ]
[2022-06-20T00:01:38+08:00][sql] SELECT * FROM `xf_friend` WHERE  `userid` = 1  AND `status` = 1 ORDER BY `id` DESC [ RunTime:0.000248s ]
[2022-06-20T00:01:38+08:00][sql] SHOW FULL COLUMNS FROM `xf_user` [ RunTime:0.000611s ]
[2022-06-20T00:01:38+08:00][sql] SELECT * FROM `xf_user` WHERE  `id` = 1 LIMIT 1 [ RunTime:0.000281s ]
[2022-06-20T00:01:44+08:00][sql] CONNECT:[ UseTime:0.000441s ] mysql:host=127.0.0.1;port=3306;dbname=nitai4-xf;charset=utf8
[2022-06-20T00:01:44+08:00][sql] SHOW FULL COLUMNS FROM `xf_system` [ RunTime:0.000929s ]
[2022-06-20T00:01:44+08:00][sql] SELECT * FROM `xf_system` WHERE  `id` = 1 LIMIT 1 [ RunTime:0.000341s ]
[2022-06-20T00:01:44+08:00][sql] SHOW FULL COLUMNS FROM `xf_user` [ RunTime:0.000772s ]
[2022-06-20T00:01:44+08:00][sql] SELECT * FROM `xf_user` WHERE  `id` = 1 LIMIT 1 [ RunTime:0.000296s ]
[2022-06-20T00:03:53+08:00][sql] CONNECT:[ UseTime:0.000355s ] mysql:host=127.0.0.1;port=3306;dbname=nitai4-xf;charset=utf8
[2022-06-20T00:03:53+08:00][sql] SHOW FULL COLUMNS FROM `xf_system` [ RunTime:0.000874s ]
[2022-06-20T00:03:53+08:00][sql] SELECT * FROM `xf_system` WHERE  `id` = 1 LIMIT 1 [ RunTime:0.000324s ]
[2022-06-20T00:03:53+08:00][sql] SHOW FULL COLUMNS FROM `xf_hezuo` [ RunTime:0.000895s ]
[2022-06-20T00:03:53+08:00][sql] SELECT * FROM `xf_hezuo` ORDER BY `id` DESC [ RunTime:0.000303s ]
[2022-06-20T00:03:53+08:00][sql] SHOW FULL COLUMNS FROM `xf_user` [ RunTime:0.000810s ]
[2022-06-20T00:03:53+08:00][sql] SELECT * FROM `xf_user` WHERE  `id` = 1 LIMIT 1 [ RunTime:0.000348s ]
[2022-06-20T00:04:08+08:00][sql] CONNECT:[ UseTime:0.000368s ] mysql:host=127.0.0.1;port=3306;dbname=nitai4-xf;charset=utf8
[2022-06-20T00:04:08+08:00][sql] SHOW FULL COLUMNS FROM `xf_system` [ RunTime:0.000893s ]
[2022-06-20T00:04:08+08:00][sql] SELECT * FROM `xf_system` WHERE  `id` = 1 LIMIT 1 [ RunTime:0.000305s ]
[2022-06-20T00:04:08+08:00][sql] SHOW FULL COLUMNS FROM `xf_hezuo` [ RunTime:0.000724s ]
[2022-06-20T00:04:08+08:00][sql] SELECT * FROM `xf_hezuo` ORDER BY `id` DESC [ RunTime:0.000245s ]
[2022-06-20T00:04:08+08:00][sql] SHOW FULL COLUMNS FROM `xf_user` [ RunTime:0.000736s ]
[2022-06-20T00:04:08+08:00][sql] SELECT * FROM `xf_user` WHERE  `id` = 1 LIMIT 1 [ RunTime:0.000229s ]
[2022-06-20T00:04:13+08:00][sql] CONNECT:[ UseTime:0.000402s ] mysql:host=127.0.0.1;port=3306;dbname=nitai4-xf;charset=utf8
[2022-06-20T00:04:13+08:00][sql] SHOW FULL COLUMNS FROM `xf_system` [ RunTime:0.000897s ]
[2022-06-20T00:04:13+08:00][sql] SELECT * FROM `xf_system` WHERE  `id` = 1 LIMIT 1 [ RunTime:0.000321s ]
[2022-06-20T00:04:13+08:00][sql] SHOW FULL COLUMNS FROM `xf_hezuo` [ RunTime:0.000746s ]
[2022-06-20T00:04:13+08:00][sql] SELECT * FROM `xf_hezuo` ORDER BY `id` DESC [ RunTime:0.000222s ]
[2022-06-20T00:04:13+08:00][sql] SHOW FULL COLUMNS FROM `xf_user` [ RunTime:0.000704s ]
[2022-06-20T00:04:13+08:00][sql] SELECT * FROM `xf_user` WHERE  `id` = 1 LIMIT 1 [ RunTime:0.000275s ]
[2022-06-20T00:04:23+08:00][sql] CONNECT:[ UseTime:0.000405s ] mysql:host=127.0.0.1;port=3306;dbname=nitai4-xf;charset=utf8
[2022-06-20T00:04:23+08:00][sql] SHOW FULL COLUMNS FROM `xf_system` [ RunTime:0.000884s ]
[2022-06-20T00:04:23+08:00][sql] SELECT * FROM `xf_system` WHERE  `id` = 1 LIMIT 1 [ RunTime:0.000317s ]
[2022-06-20T00:04:23+08:00][sql] SHOW FULL COLUMNS FROM `xf_user` [ RunTime:0.000807s ]
[2022-06-20T00:04:23+08:00][sql] SELECT * FROM `xf_user` WHERE  `id` = 1 LIMIT 1 [ RunTime:0.000254s ]
[2022-06-20T00:04:31+08:00][sql] CONNECT:[ UseTime:0.000422s ] mysql:host=127.0.0.1;port=3306;dbname=nitai4-xf;charset=utf8
[2022-06-20T00:04:31+08:00][sql] SHOW FULL COLUMNS FROM `xf_user` [ RunTime:0.001047s ]
[2022-06-20T00:04:31+08:00][sql] SELECT `id`,`username`,`password` FROM `xf_user` WHERE  `username` = 'admin' LIMIT 1 [ RunTime:0.000348s ]
[2022-06-20T00:04:31+08:00][sql] CONNECT:[ UseTime:0.000384s ] mysql:host=127.0.0.1;port=3306;dbname=nitai4-xf;charset=utf8
[2022-06-20T00:04:31+08:00][sql] SHOW FULL COLUMNS FROM `xf_system` [ RunTime:0.000965s ]
[2022-06-20T00:04:31+08:00][sql] SELECT * FROM `xf_system` WHERE  `id` = 1 LIMIT 1 [ RunTime:0.000309s ]
[2022-06-20T00:04:31+08:00][sql] SHOW FULL COLUMNS FROM `xf_hezuo` [ RunTime:0.000673s ]
[2022-06-20T00:04:31+08:00][sql] SELECT * FROM `xf_hezuo` ORDER BY `id` DESC [ RunTime:0.000251s ]
[2022-06-20T00:04:31+08:00][sql] SHOW FULL COLUMNS FROM `xf_user` [ RunTime:0.000901s ]
[2022-06-20T00:04:31+08:00][sql] SELECT * FROM `xf_user` WHERE  `id` = 1 LIMIT 1 [ RunTime:0.000281s ]
[2022-06-20T00:04:33+08:00][sql] CONNECT:[ UseTime:0.000428s ] mysql:host=127.0.0.1;port=3306;dbname=nitai4-xf;charset=utf8
[2022-06-20T00:04:33+08:00][sql] SHOW FULL COLUMNS FROM `xf_system` [ RunTime:0.000995s ]
[2022-06-20T00:04:33+08:00][sql] SELECT * FROM `xf_system` WHERE  `id` = 1 LIMIT 1 [ RunTime:0.000311s ]
[2022-06-20T00:04:33+08:00][sql] SHOW FULL COLUMNS FROM `xf_user` [ RunTime:0.000657s ]
[2022-06-20T00:04:33+08:00][sql] SELECT * FROM `xf_user` WHERE  `id` = 1 LIMIT 1 [ RunTime:0.000266s ]
[2022-06-20T03:00:38+08:00][sql] CONNECT:[ UseTime:0.000424s ] mysql:host=127.0.0.1;port=3306;dbname=nitai4-xf;charset=utf8
[2022-06-20T03:00:38+08:00][sql] SHOW FULL COLUMNS FROM `xf_system` [ RunTime:0.000952s ]
[2022-06-20T03:00:38+08:00][sql] SELECT * FROM `xf_system` WHERE  `id` = 1 LIMIT 1 [ RunTime:0.000336s ]
[2022-06-20T03:00:38+08:00][sql] SHOW FULL COLUMNS FROM `xf_user` [ RunTime:0.000854s ]
[2022-06-20T03:00:38+08:00][sql] SELECT * FROM `xf_user` WHERE  `id` = 1 LIMIT 1 [ RunTime:0.000298s ]
[2022-06-20T03:00:45+08:00][sql] CONNECT:[ UseTime:0.000454s ] mysql:host=127.0.0.1;port=3306;dbname=nitai4-xf;charset=utf8
[2022-06-20T03:00:45+08:00][sql] SHOW FULL COLUMNS FROM `xf_user` [ RunTime:0.001068s ]
[2022-06-20T03:00:45+08:00][sql] SELECT `id`,`username`,`password` FROM `xf_user` WHERE  `username` = 'admin' LIMIT 1 [ RunTime:0.000343s ]
[2022-06-20T03:00:46+08:00][sql] CONNECT:[ UseTime:0.000428s ] mysql:host=127.0.0.1;port=3306;dbname=nitai4-xf;charset=utf8
[2022-06-20T03:00:46+08:00][sql] SHOW FULL COLUMNS FROM `xf_system` [ RunTime:0.000914s ]
[2022-06-20T03:00:46+08:00][sql] SELECT * FROM `xf_system` WHERE  `id` = 1 LIMIT 1 [ RunTime:0.000336s ]
[2022-06-20T03:00:46+08:00][sql] SHOW FULL COLUMNS FROM `xf_hezuo` [ RunTime:0.001001s ]
[2022-06-20T03:00:46+08:00][sql] SELECT * FROM `xf_hezuo` ORDER BY `id` DESC [ RunTime:0.000266s ]
[2022-06-20T03:00:46+08:00][sql] SHOW FULL COLUMNS FROM `xf_user` [ RunTime:0.000807s ]
[2022-06-20T03:00:46+08:00][sql] SELECT * FROM `xf_user` WHERE  `id` = 1 LIMIT 1 [ RunTime:0.000261s ]
[2022-06-20T03:01:07+08:00][sql] CONNECT:[ UseTime:0.000496s ] mysql:host=127.0.0.1;port=3306;dbname=nitai4-xf;charset=utf8
[2022-06-20T03:01:07+08:00][sql] SHOW FULL COLUMNS FROM `xf_system` [ RunTime:0.001364s ]
[2022-06-20T03:01:07+08:00][sql] SELECT * FROM `xf_system` WHERE  `id` = 1 LIMIT 1 [ RunTime:0.000970s ]
[2022-06-20T03:01:07+08:00][sql] SHOW FULL COLUMNS FROM `xf_user` [ RunTime:0.000931s ]
[2022-06-20T03:01:07+08:00][sql] SELECT * FROM `xf_user` WHERE  `id` = 1 LIMIT 1 [ RunTime:0.000435s ]
[2022-06-20T03:01:16+08:00][sql] CONNECT:[ UseTime:0.000438s ] mysql:host=127.0.0.1;port=3306;dbname=nitai4-xf;charset=utf8
[2022-06-20T03:01:16+08:00][sql] SHOW FULL COLUMNS FROM `xf_system` [ RunTime:0.000938s ]
[2022-06-20T03:01:16+08:00][sql] SELECT * FROM `xf_system` WHERE  `id` = 1 LIMIT 1 [ RunTime:0.000333s ]
[2022-06-20T03:01:16+08:00][sql] SHOW FULL COLUMNS FROM `xf_user` [ RunTime:0.000705s ]
[2022-06-20T03:01:16+08:00][sql] SELECT * FROM `xf_user` WHERE  `id` = 1 LIMIT 1 [ RunTime:0.000279s ]
[2022-06-20T03:01:16+08:00][sql] SHOW FULL COLUMNS FROM `xf_elements` [ RunTime:0.000639s ]
[2022-06-20T03:01:16+08:00][sql] SELECT * FROM `xf_elements` ORDER BY `id` DESC [ RunTime:0.000246s ]
[2022-06-20T03:01:27+08:00][sql] CONNECT:[ UseTime:0.000441s ] mysql:host=127.0.0.1;port=3306;dbname=nitai4-xf;charset=utf8
[2022-06-20T03:01:27+08:00][sql] SHOW FULL COLUMNS FROM `xf_system` [ RunTime:0.001184s ]
[2022-06-20T03:01:27+08:00][sql] SELECT * FROM `xf_system` WHERE  `id` = 1 LIMIT 1 [ RunTime:0.000317s ]
[2022-06-20T03:01:27+08:00][sql] SHOW FULL COLUMNS FROM `xf_website` [ RunTime:0.000632s ]
[2022-06-20T03:01:27+08:00][sql] SELECT * FROM `xf_website` ORDER BY `id` DESC [ RunTime:0.000261s ]
[2022-06-20T03:01:27+08:00][sql] SHOW FULL COLUMNS FROM `xf_user` [ RunTime:0.000847s ]
[2022-06-20T03:01:27+08:00][sql] SELECT * FROM `xf_user` WHERE  `id` = 1 LIMIT 1 [ RunTime:0.000332s ]
[2022-06-20T03:01:35+08:00][sql] CONNECT:[ UseTime:0.000381s ] mysql:host=127.0.0.1;port=3306;dbname=nitai4-xf;charset=utf8
[2022-06-20T03:01:35+08:00][sql] SHOW FULL COLUMNS FROM `xf_system` [ RunTime:0.000907s ]
[2022-06-20T03:01:35+08:00][sql] SELECT * FROM `xf_system` WHERE  `id` = 1 LIMIT 1 [ RunTime:0.000350s ]
[2022-06-20T03:01:35+08:00][sql] SHOW FULL COLUMNS FROM `xf_msg` [ RunTime:0.000712s ]
[2022-06-20T03:01:35+08:00][sql] SELECT * FROM `xf_msg` ORDER BY `id` DESC [ RunTime:0.000254s ]
[2022-06-20T03:01:35+08:00][sql] SHOW FULL COLUMNS FROM `xf_user` [ RunTime:0.000693s ]
[2022-06-20T03:01:35+08:00][sql] SELECT * FROM `xf_user` WHERE  `id` = 1 LIMIT 1 [ RunTime:0.000274s ]
[2022-06-20T03:01:39+08:00][sql] CONNECT:[ UseTime:0.001442s ] mysql:host=127.0.0.1;port=3306;dbname=nitai4-xf;charset=utf8
[2022-06-20T03:01:39+08:00][sql] SHOW FULL COLUMNS FROM `xf_system` [ RunTime:0.001212s ]
[2022-06-20T03:01:39+08:00][sql] SELECT * FROM `xf_system` WHERE  `id` = 1 LIMIT 1 [ RunTime:0.001145s ]
[2022-06-20T03:01:39+08:00][sql] SHOW FULL COLUMNS FROM `xf_friend` [ RunTime:0.000993s ]
[2022-06-20T03:01:39+08:00][sql] SELECT * FROM `xf_friend` WHERE  `userid` = 1  AND `status` = 0 ORDER BY `id` DESC [ RunTime:0.000429s ]
[2022-06-20T03:01:39+08:00][sql] SELECT * FROM `xf_friend` WHERE  `userid` = 1  AND `status` = 1 ORDER BY `id` DESC [ RunTime:0.000403s ]
[2022-06-20T03:01:39+08:00][sql] SHOW FULL COLUMNS FROM `xf_user` [ RunTime:0.000954s ]
[2022-06-20T03:01:39+08:00][sql] SELECT * FROM `xf_user` WHERE  `id` = 1 LIMIT 1 [ RunTime:0.000334s ]
[2022-06-20T03:01:48+08:00][sql] CONNECT:[ UseTime:0.000391s ] mysql:host=127.0.0.1;port=3306;dbname=nitai4-xf;charset=utf8
[2022-06-20T03:01:48+08:00][sql] SHOW FULL COLUMNS FROM `xf_system` [ RunTime:0.000894s ]
[2022-06-20T03:01:48+08:00][sql] SELECT * FROM `xf_system` WHERE  `id` = 1 LIMIT 1 [ RunTime:0.000334s ]
[2022-06-20T03:01:48+08:00][sql] SHOW FULL COLUMNS FROM `xf_user` [ RunTime:0.000814s ]
[2022-06-20T03:01:48+08:00][sql] SELECT * FROM `xf_user` WHERE  `id` = 1 LIMIT 1 [ RunTime:0.000259s ]
[2022-06-20T03:02:17+08:00][sql] CONNECT:[ UseTime:0.000443s ] mysql:host=127.0.0.1;port=3306;dbname=nitai4-xf;charset=utf8
[2022-06-20T03:02:17+08:00][sql] SHOW FULL COLUMNS FROM `xf_system` [ RunTime:0.000884s ]
[2022-06-20T03:02:17+08:00][sql] SELECT * FROM `xf_system` WHERE  `id` = 1 LIMIT 1 [ RunTime:0.000307s ]
[2022-06-20T03:02:17+08:00][sql] SHOW FULL COLUMNS FROM `xf_user` [ RunTime:0.000688s ]
[2022-06-20T03:02:17+08:00][sql] SELECT * FROM `xf_user` WHERE  `id` = 1 LIMIT 1 [ RunTime:0.000228s ]
[2022-06-20T03:02:39+08:00][sql] CONNECT:[ UseTime:0.000384s ] mysql:host=127.0.0.1;port=3306;dbname=nitai4-xf;charset=utf8
[2022-06-20T03:02:39+08:00][sql] SHOW FULL COLUMNS FROM `xf_system` [ RunTime:0.000952s ]
[2022-06-20T03:02:39+08:00][sql] SELECT * FROM `xf_system` WHERE  `id` = 1 LIMIT 1 [ RunTime:0.000294s ]
[2022-06-20T03:02:39+08:00][sql] SHOW FULL COLUMNS FROM `xf_user` [ RunTime:0.000614s ]
[2022-06-20T03:02:39+08:00][sql] SELECT * FROM `xf_user` WHERE  `id` = 1 LIMIT 1 [ RunTime:0.000246s ]
[2022-06-20T03:06:01+08:00][sql] CONNECT:[ UseTime:0.000403s ] mysql:host=127.0.0.1;port=3306;dbname=nitai4-xf;charset=utf8
[2022-06-20T03:06:01+08:00][sql] SHOW FULL COLUMNS FROM `xf_system` [ RunTime:0.000921s ]
[2022-06-20T03:06:01+08:00][sql] SELECT * FROM `xf_system` WHERE  `id` = 1 LIMIT 1 [ RunTime:0.000334s ]
[2022-06-20T03:06:01+08:00][sql] SHOW FULL COLUMNS FROM `xf_user` [ RunTime:0.000749s ]
[2022-06-20T03:06:01+08:00][sql] SELECT * FROM `xf_user` WHERE  `id` = 1 LIMIT 1 [ RunTime:0.000338s ]
[2022-06-20T03:06:09+08:00][sql] CONNECT:[ UseTime:0.000417s ] mysql:host=127.0.0.1;port=3306;dbname=nitai4-xf;charset=utf8
[2022-06-20T03:06:09+08:00][sql] SHOW FULL COLUMNS FROM `xf_user` [ RunTime:0.000882s ]
[2022-06-20T03:06:09+08:00][sql] SELECT `id`,`username`,`password` FROM `xf_user` WHERE  `username` = 'admin' LIMIT 1 [ RunTime:0.000299s ]
[2022-06-20T03:06:09+08:00][sql] CONNECT:[ UseTime:0.000410s ] mysql:host=127.0.0.1;port=3306;dbname=nitai4-xf;charset=utf8
[2022-06-20T03:06:09+08:00][sql] SHOW FULL COLUMNS FROM `xf_system` [ RunTime:0.000878s ]
[2022-06-20T03:06:09+08:00][sql] SELECT * FROM `xf_system` WHERE  `id` = 1 LIMIT 1 [ RunTime:0.000309s ]
[2022-06-20T03:06:09+08:00][sql] SHOW FULL COLUMNS FROM `xf_hezuo` [ RunTime:0.000815s ]
[2022-06-20T03:06:09+08:00][sql] SELECT * FROM `xf_hezuo` ORDER BY `id` DESC [ RunTime:0.000263s ]
[2022-06-20T03:06:09+08:00][sql] SHOW FULL COLUMNS FROM `xf_user` [ RunTime:0.000673s ]
[2022-06-20T03:06:09+08:00][sql] SELECT * FROM `xf_user` WHERE  `id` = 1 LIMIT 1 [ RunTime:0.000260s ]
[2022-06-20T03:06:28+08:00][sql] CONNECT:[ UseTime:0.000450s ] mysql:host=127.0.0.1;port=3306;dbname=nitai4-xf;charset=utf8
[2022-06-20T03:06:28+08:00][sql] SHOW FULL COLUMNS FROM `xf_system` [ RunTime:0.000936s ]
[2022-06-20T03:06:28+08:00][sql] SELECT * FROM `xf_system` WHERE  `id` = 1 LIMIT 1 [ RunTime:0.000402s ]
[2022-06-20T03:06:28+08:00][sql] SHOW FULL COLUMNS FROM `xf_friend` [ RunTime:0.000760s ]
[2022-06-20T03:06:28+08:00][sql] SELECT * FROM `xf_friend` WHERE  `userid` = 1  AND `status` = 0 ORDER BY `id` DESC [ RunTime:0.000306s ]
[2022-06-20T03:06:28+08:00][sql] SELECT * FROM `xf_friend` WHERE  `userid` = 1  AND `status` = 1 ORDER BY `id` DESC [ RunTime:0.000291s ]
[2022-06-20T03:06:28+08:00][sql] SHOW FULL COLUMNS FROM `xf_user` [ RunTime:0.000705s ]
[2022-06-20T03:06:28+08:00][sql] SELECT * FROM `xf_user` WHERE  `id` = 1 LIMIT 1 [ RunTime:0.000281s ]
[2022-06-20T03:06:31+08:00][sql] CONNECT:[ UseTime:0.000404s ] mysql:host=127.0.0.1;port=3306;dbname=nitai4-xf;charset=utf8
[2022-06-20T03:06:31+08:00][sql] SHOW FULL COLUMNS FROM `xf_system` [ RunTime:0.000981s ]
[2022-06-20T03:06:31+08:00][sql] SELECT * FROM `xf_system` WHERE  `id` = 1 LIMIT 1 [ RunTime:0.000308s ]
[2022-06-20T03:06:31+08:00][sql] SHOW FULL COLUMNS FROM `xf_msg` [ RunTime:0.000777s ]
[2022-06-20T03:06:31+08:00][sql] SELECT * FROM `xf_msg` ORDER BY `id` DESC [ RunTime:0.000209s ]
[2022-06-20T03:06:31+08:00][sql] SHOW FULL COLUMNS FROM `xf_user` [ RunTime:0.000705s ]
[2022-06-20T03:06:31+08:00][sql] SELECT * FROM `xf_user` WHERE  `id` = 1 LIMIT 1 [ RunTime:0.000295s ]
[2022-06-20T03:06:33+08:00][sql] CONNECT:[ UseTime:0.000413s ] mysql:host=127.0.0.1;port=3306;dbname=nitai4-xf;charset=utf8
[2022-06-20T03:06:33+08:00][sql] SHOW FULL COLUMNS FROM `xf_system` [ RunTime:0.000956s ]
[2022-06-20T03:06:33+08:00][sql] SELECT * FROM `xf_system` WHERE  `id` = 1 LIMIT 1 [ RunTime:0.000309s ]
[2022-06-20T03:06:33+08:00][sql] SHOW FULL COLUMNS FROM `xf_website` [ RunTime:0.000602s ]
[2022-06-20T03:06:33+08:00][sql] SELECT * FROM `xf_website` ORDER BY `id` DESC [ RunTime:0.000248s ]
[2022-06-20T03:06:33+08:00][sql] SHOW FULL COLUMNS FROM `xf_user` [ RunTime:0.000816s ]
[2022-06-20T03:06:33+08:00][sql] SELECT * FROM `xf_user` WHERE  `id` = 1 LIMIT 1 [ RunTime:0.000269s ]
[2022-06-20T03:06:35+08:00][sql] CONNECT:[ UseTime:0.000427s ] mysql:host=127.0.0.1;port=3306;dbname=nitai4-xf;charset=utf8
[2022-06-20T03:06:35+08:00][sql] SHOW FULL COLUMNS FROM `xf_system` [ RunTime:0.001016s ]
[2022-06-20T03:06:35+08:00][sql] SELECT * FROM `xf_system` WHERE  `id` = 1 LIMIT 1 [ RunTime:0.000297s ]
[2022-06-20T03:06:35+08:00][sql] SHOW FULL COLUMNS FROM `xf_user` [ RunTime:0.000859s ]
[2022-06-20T03:06:35+08:00][sql] SELECT * FROM `xf_user` WHERE  `id` = 1 LIMIT 1 [ RunTime:0.000300s ]
[2022-06-20T03:06:35+08:00][sql] SHOW FULL COLUMNS FROM `xf_elements` [ RunTime:0.000651s ]
[2022-06-20T03:06:35+08:00][sql] SELECT * FROM `xf_elements` ORDER BY `id` DESC [ RunTime:0.000190s ]
[2022-06-20T03:06:37+08:00][sql] CONNECT:[ UseTime:0.000412s ] mysql:host=127.0.0.1;port=3306;dbname=nitai4-xf;charset=utf8
[2022-06-20T03:06:37+08:00][sql] SHOW FULL COLUMNS FROM `xf_system` [ RunTime:0.000976s ]
[2022-06-20T03:06:37+08:00][sql] SELECT * FROM `xf_system` WHERE  `id` = 1 LIMIT 1 [ RunTime:0.000294s ]
[2022-06-20T03:06:37+08:00][sql] SHOW FULL COLUMNS FROM `xf_user` [ RunTime:0.000640s ]
[2022-06-20T03:06:37+08:00][sql] SELECT * FROM `xf_user` WHERE  `id` = 1 LIMIT 1 [ RunTime:0.000282s ]
[2022-06-20T03:06:39+08:00][sql] CONNECT:[ UseTime:0.000422s ] mysql:host=127.0.0.1;port=3306;dbname=nitai4-xf;charset=utf8
[2022-06-20T03:06:39+08:00][sql] SHOW FULL COLUMNS FROM `xf_system` [ RunTime:0.001124s ]
[2022-06-20T03:06:39+08:00][sql] SELECT * FROM `xf_system` WHERE  `id` = 1 LIMIT 1 [ RunTime:0.000337s ]
[2022-06-20T03:06:39+08:00][sql] SHOW FULL COLUMNS FROM `xf_hezuo` [ RunTime:0.000778s ]
[2022-06-20T03:06:39+08:00][sql] SELECT * FROM `xf_hezuo` ORDER BY `id` DESC [ RunTime:0.000270s ]
[2022-06-20T03:06:39+08:00][sql] SHOW FULL COLUMNS FROM `xf_user` [ RunTime:0.000689s ]
[2022-06-20T03:06:39+08:00][sql] SELECT * FROM `xf_user` WHERE  `id` = 1 LIMIT 1 [ RunTime:0.000252s ]
[2022-06-20T03:06:43+08:00][sql] CONNECT:[ UseTime:0.000405s ] mysql:host=127.0.0.1;port=3306;dbname=nitai4-xf;charset=utf8
[2022-06-20T03:06:43+08:00][sql] SHOW FULL COLUMNS FROM `xf_system` [ RunTime:0.001010s ]
[2022-06-20T03:06:43+08:00][sql] SELECT * FROM `xf_system` WHERE  `id` = 1 LIMIT 1 [ RunTime:0.000322s ]
[2022-06-20T03:06:43+08:00][sql] SHOW FULL COLUMNS FROM `xf_user` [ RunTime:0.000641s ]
[2022-06-20T03:06:43+08:00][sql] SELECT * FROM `xf_user` WHERE  `id` = 1 LIMIT 1 [ RunTime:0.000285s ]
[2022-06-20T03:06:54+08:00][sql] CONNECT:[ UseTime:0.000463s ] mysql:host=127.0.0.1;port=3306;dbname=nitai4-xf;charset=utf8
[2022-06-20T03:06:54+08:00][sql] SHOW FULL COLUMNS FROM `xf_system` [ RunTime:0.000909s ]
[2022-06-20T03:06:54+08:00][sql] SELECT * FROM `xf_system` WHERE  `id` = 1 LIMIT 1 [ RunTime:0.000366s ]
[2022-06-20T03:06:54+08:00][sql] SHOW FULL COLUMNS FROM `xf_user` [ RunTime:0.000820s ]
[2022-06-20T03:06:54+08:00][sql] SELECT * FROM `xf_user` WHERE  `id` = 1 LIMIT 1 [ RunTime:0.000290s ]
[2022-06-20T03:07:10+08:00][sql] CONNECT:[ UseTime:0.000411s ] mysql:host=127.0.0.1;port=3306;dbname=nitai4-xf;charset=utf8
[2022-06-20T03:07:10+08:00][sql] SHOW FULL COLUMNS FROM `xf_system` [ RunTime:0.000894s ]
[2022-06-20T03:07:10+08:00][sql] SELECT * FROM `xf_system` WHERE  `id` = 1 LIMIT 1 [ RunTime:0.000311s ]
[2022-06-20T03:07:10+08:00][sql] SHOW FULL COLUMNS FROM `xf_hezuo` [ RunTime:0.000902s ]
[2022-06-20T03:07:10+08:00][sql] SELECT * FROM `xf_hezuo` ORDER BY `id` DESC [ RunTime:0.000234s ]
[2022-06-20T03:07:10+08:00][sql] SHOW FULL COLUMNS FROM `xf_user` [ RunTime:0.000716s ]
[2022-06-20T03:07:10+08:00][sql] SELECT * FROM `xf_user` WHERE  `id` = 1 LIMIT 1 [ RunTime:0.000255s ]
[2022-06-20T03:07:25+08:00][sql] CONNECT:[ UseTime:0.000413s ] mysql:host=127.0.0.1;port=3306;dbname=nitai4-xf;charset=utf8
[2022-06-20T03:07:25+08:00][sql] SHOW FULL COLUMNS FROM `xf_system` [ RunTime:0.000900s ]
[2022-06-20T03:07:25+08:00][sql] SELECT * FROM `xf_system` WHERE  `id` = 1 LIMIT 1 [ RunTime:0.000318s ]
[2022-06-20T03:07:25+08:00][sql] SHOW FULL COLUMNS FROM `xf_user` [ RunTime:0.000679s ]
[2022-06-20T03:07:25+08:00][sql] SELECT * FROM `xf_user` WHERE  `id` = 1 LIMIT 1 [ RunTime:0.000252s ]
[2022-06-20T03:07:26+08:00][sql] CONNECT:[ UseTime:0.000398s ] mysql:host=127.0.0.1;port=3306;dbname=nitai4-xf;charset=utf8
[2022-06-20T03:07:26+08:00][sql] SHOW FULL COLUMNS FROM `xf_system` [ RunTime:0.000912s ]
[2022-06-20T03:07:26+08:00][sql] SELECT * FROM `xf_system` WHERE  `id` = 1 LIMIT 1 [ RunTime:0.000328s ]
[2022-06-20T03:07:26+08:00][sql] SHOW FULL COLUMNS FROM `xf_user` [ RunTime:0.000746s ]
[2022-06-20T03:07:26+08:00][sql] SELECT * FROM `xf_user` WHERE  `id` = 1 LIMIT 1 [ RunTime:0.000411s ]
[2022-06-20T03:07:28+08:00][sql] CONNECT:[ UseTime:0.000437s ] mysql:host=127.0.0.1;port=3306;dbname=nitai4-xf;charset=utf8
[2022-06-20T03:07:28+08:00][sql] SHOW FULL COLUMNS FROM `xf_system` [ RunTime:0.003636s ]
[2022-06-20T03:07:28+08:00][sql] SELECT * FROM `xf_system` WHERE  `id` = 1 LIMIT 1 [ RunTime:0.000368s ]
[2022-06-20T03:07:28+08:00][sql] SHOW FULL COLUMNS FROM `xf_hezuo` [ RunTime:0.000745s ]
[2022-06-20T03:07:28+08:00][sql] SELECT * FROM `xf_hezuo` ORDER BY `id` DESC [ RunTime:0.000286s ]
[2022-06-20T03:07:28+08:00][sql] SHOW FULL COLUMNS FROM `xf_user` [ RunTime:0.000622s ]
[2022-06-20T03:07:28+08:00][sql] SELECT * FROM `xf_user` WHERE  `id` = 1 LIMIT 1 [ RunTime:0.000259s ]
[2022-06-20T03:07:29+08:00][sql] CONNECT:[ UseTime:0.000466s ] mysql:host=127.0.0.1;port=3306;dbname=nitai4-xf;charset=utf8
[2022-06-20T03:07:29+08:00][sql] SHOW FULL COLUMNS FROM `xf_system` [ RunTime:0.000928s ]
[2022-06-20T03:07:29+08:00][sql] SELECT * FROM `xf_system` WHERE  `id` = 1 LIMIT 1 [ RunTime:0.000329s ]
[2022-06-20T03:07:29+08:00][sql] SHOW FULL COLUMNS FROM `xf_user` [ RunTime:0.000701s ]
[2022-06-20T03:07:29+08:00][sql] SELECT * FROM `xf_user` WHERE  `id` = 1 LIMIT 1 [ RunTime:0.000280s ]
[2022-06-20T03:07:56+08:00][sql] CONNECT:[ UseTime:0.000395s ] mysql:host=127.0.0.1;port=3306;dbname=nitai4-xf;charset=utf8
[2022-06-20T03:07:56+08:00][sql] SHOW FULL COLUMNS FROM `xf_system` [ RunTime:0.000928s ]
[2022-06-20T03:07:56+08:00][sql] SELECT * FROM `xf_system` WHERE  `id` = 1 LIMIT 1 [ RunTime:0.000305s ]
[2022-06-20T03:07:56+08:00][sql] SHOW FULL COLUMNS FROM `xf_user` [ RunTime:0.000669s ]
[2022-06-20T03:07:56+08:00][sql] SELECT * FROM `xf_user` WHERE  `id` = 1 LIMIT 1 [ RunTime:0.000279s ]
[2022-06-20T03:08:18+08:00][sql] CONNECT:[ UseTime:0.000324s ] mysql:host=127.0.0.1;port=3306;dbname=nitai4-xf;charset=utf8
[2022-06-20T03:08:18+08:00][sql] SHOW FULL COLUMNS FROM `xf_system` [ RunTime:0.002575s ]
[2022-06-20T03:08:18+08:00][sql] SELECT * FROM `xf_system` WHERE  `id` = 1 LIMIT 1 [ RunTime:0.000433s ]
[2022-06-20T03:08:18+08:00][sql] SHOW FULL COLUMNS FROM `xf_hezuo` [ RunTime:0.000670s ]
[2022-06-20T03:08:18+08:00][sql] SELECT * FROM `xf_hezuo` ORDER BY `id` DESC [ RunTime:0.000202s ]
[2022-06-20T03:08:18+08:00][sql] SHOW FULL COLUMNS FROM `xf_user` [ RunTime:0.000668s ]
[2022-06-20T03:08:18+08:00][sql] SELECT * FROM `xf_user` WHERE  `id` = 1 LIMIT 1 [ RunTime:0.000247s ]
[2022-06-20T03:08:51+08:00][sql] CONNECT:[ UseTime:0.000413s ] mysql:host=127.0.0.1;port=3306;dbname=nitai4-xf;charset=utf8
[2022-06-20T03:08:51+08:00][sql] SHOW FULL COLUMNS FROM `xf_system` [ RunTime:0.000953s ]
[2022-06-20T03:08:51+08:00][sql] SELECT * FROM `xf_system` WHERE  `id` = 1 LIMIT 1 [ RunTime:0.000416s ]
[2022-06-20T03:08:51+08:00][sql] SHOW FULL COLUMNS FROM `xf_user` [ RunTime:0.000723s ]
[2022-06-20T03:08:51+08:00][sql] SELECT * FROM `xf_user` WHERE  `id` = 1 LIMIT 1 [ RunTime:0.000313s ]
[2022-06-20T03:08:52+08:00][sql] CONNECT:[ UseTime:0.000447s ] mysql:host=127.0.0.1;port=3306;dbname=nitai4-xf;charset=utf8
[2022-06-20T03:08:52+08:00][sql] SHOW FULL COLUMNS FROM `xf_system` [ RunTime:0.000958s ]
[2022-06-20T03:08:52+08:00][sql] SELECT * FROM `xf_system` WHERE  `id` = 1 LIMIT 1 [ RunTime:0.000332s ]
[2022-06-20T03:08:52+08:00][sql] SHOW FULL COLUMNS FROM `xf_user` [ RunTime:0.000680s ]
[2022-06-20T03:08:52+08:00][sql] SELECT * FROM `xf_user` WHERE  `id` = 1 LIMIT 1 [ RunTime:0.000332s ]
[2022-06-20T03:08:52+08:00][sql] SHOW FULL COLUMNS FROM `xf_elements` [ RunTime:0.000922s ]
[2022-06-20T03:08:52+08:00][sql] SELECT * FROM `xf_elements` ORDER BY `id` DESC [ RunTime:0.000271s ]
[2022-06-20T03:11:05+08:00][sql] CONNECT:[ UseTime:0.000334s ] mysql:host=127.0.0.1;port=3306;dbname=nitai4-xf;charset=utf8
[2022-06-20T03:11:05+08:00][sql] SHOW FULL COLUMNS FROM `xf_system` [ RunTime:0.000844s ]
[2022-06-20T03:11:05+08:00][sql] SELECT * FROM `xf_system` WHERE  `id` = 1 LIMIT 1 [ RunTime:0.000287s ]
[2022-06-20T03:11:05+08:00][sql] SHOW FULL COLUMNS FROM `xf_user` [ RunTime:0.000689s ]
[2022-06-20T03:11:05+08:00][sql] SELECT * FROM `xf_user` WHERE  `id` = 1 LIMIT 1 [ RunTime:0.000244s ]
[2022-06-20T03:11:05+08:00][sql] SHOW FULL COLUMNS FROM `xf_elements` [ RunTime:0.000614s ]
[2022-06-20T03:11:05+08:00][sql] SELECT * FROM `xf_elements` ORDER BY `id` DESC [ RunTime:0.000205s ]
[2022-06-20T03:11:10+08:00][sql] CONNECT:[ UseTime:0.000360s ] mysql:host=127.0.0.1;port=3306;dbname=nitai4-xf;charset=utf8
[2022-06-20T03:11:10+08:00][sql] SHOW FULL COLUMNS FROM `xf_system` [ RunTime:0.000858s ]
[2022-06-20T03:11:10+08:00][sql] SELECT * FROM `xf_system` WHERE  `id` = 1 LIMIT 1 [ RunTime:0.000294s ]
[2022-06-20T03:11:10+08:00][sql] SHOW FULL COLUMNS FROM `xf_user` [ RunTime:0.000672s ]
[2022-06-20T03:11:10+08:00][sql] SELECT * FROM `xf_user` WHERE  `id` = 1 LIMIT 1 [ RunTime:0.000229s ]
[2022-06-20T03:11:12+08:00][sql] CONNECT:[ UseTime:0.000404s ] mysql:host=127.0.0.1;port=3306;dbname=nitai4-xf;charset=utf8
[2022-06-20T03:11:12+08:00][sql] SHOW FULL COLUMNS FROM `xf_system` [ RunTime:0.000863s ]
[2022-06-20T03:11:12+08:00][sql] SELECT * FROM `xf_system` WHERE  `id` = 1 LIMIT 1 [ RunTime:0.000288s ]
[2022-06-20T03:11:12+08:00][sql] SHOW FULL COLUMNS FROM `xf_hezuo` [ RunTime:0.000921s ]
[2022-06-20T03:11:12+08:00][sql] SELECT * FROM `xf_hezuo` ORDER BY `id` DESC [ RunTime:0.000312s ]
[2022-06-20T03:11:12+08:00][sql] SHOW FULL COLUMNS FROM `xf_user` [ RunTime:0.000681s ]
[2022-06-20T03:11:12+08:00][sql] SELECT * FROM `xf_user` WHERE  `id` = 1 LIMIT 1 [ RunTime:0.000255s ]
[2022-06-20T03:11:13+08:00][sql] CONNECT:[ UseTime:0.000544s ] mysql:host=127.0.0.1;port=3306;dbname=nitai4-xf;charset=utf8
[2022-06-20T03:11:13+08:00][sql] SHOW FULL COLUMNS FROM `xf_system` [ RunTime:0.000976s ]
[2022-06-20T03:11:13+08:00][sql] SELECT * FROM `xf_system` WHERE  `id` = 1 LIMIT 1 [ RunTime:0.000359s ]
[2022-06-20T03:11:13+08:00][sql] SHOW FULL COLUMNS FROM `xf_user` [ RunTime:0.000883s ]
[2022-06-20T03:11:13+08:00][sql] SELECT * FROM `xf_user` WHERE  `id` = 1 LIMIT 1 [ RunTime:0.000300s ]
[2022-06-20T03:15:34+08:00][sql] CONNECT:[ UseTime:0.000437s ] mysql:host=127.0.0.1;port=3306;dbname=nitai4-xf;charset=utf8
[2022-06-20T03:15:34+08:00][sql] SHOW FULL COLUMNS FROM `xf_system` [ RunTime:0.000937s ]
[2022-06-20T03:15:34+08:00][sql] SELECT * FROM `xf_system` WHERE  `id` = 1 LIMIT 1 [ RunTime:0.000325s ]
[2022-06-20T03:15:34+08:00][sql] SHOW FULL COLUMNS FROM `xf_user` [ RunTime:0.000749s ]
[2022-06-20T03:15:34+08:00][sql] SELECT * FROM `xf_user` WHERE  `id` = 1 LIMIT 1 [ RunTime:0.000265s ]
[2022-06-20T03:15:36+08:00][sql] CONNECT:[ UseTime:0.000398s ] mysql:host=127.0.0.1;port=3306;dbname=nitai4-xf;charset=utf8
[2022-06-20T03:15:36+08:00][sql] SHOW FULL COLUMNS FROM `xf_system` [ RunTime:0.000874s ]
[2022-06-20T03:15:36+08:00][sql] SELECT * FROM `xf_system` WHERE  `id` = 1 LIMIT 1 [ RunTime:0.000307s ]
[2022-06-20T03:15:36+08:00][sql] SHOW FULL COLUMNS FROM `xf_hezuo` [ RunTime:0.000716s ]
[2022-06-20T03:15:36+08:00][sql] SELECT * FROM `xf_hezuo` ORDER BY `id` DESC [ RunTime:0.000224s ]
[2022-06-20T03:15:36+08:00][sql] SHOW FULL COLUMNS FROM `xf_user` [ RunTime:0.000686s ]
[2022-06-20T03:15:36+08:00][sql] SELECT * FROM `xf_user` WHERE  `id` = 1 LIMIT 1 [ RunTime:0.000240s ]
[2022-06-20T03:15:37+08:00][sql] CONNECT:[ UseTime:0.000356s ] mysql:host=127.0.0.1;port=3306;dbname=nitai4-xf;charset=utf8
[2022-06-20T03:15:37+08:00][sql] SHOW FULL COLUMNS FROM `xf_system` [ RunTime:0.001034s ]
[2022-06-20T03:15:37+08:00][sql] SELECT * FROM `xf_system` WHERE  `id` = 1 LIMIT 1 [ RunTime:0.000316s ]
[2022-06-20T03:15:37+08:00][sql] SHOW FULL COLUMNS FROM `xf_user` [ RunTime:0.000650s ]
[2022-06-20T03:15:37+08:00][sql] SELECT * FROM `xf_user` WHERE  `id` = 1 LIMIT 1 [ RunTime:0.000294s ]
[2022-06-20T03:16:36+08:00][sql] CONNECT:[ UseTime:0.000445s ] mysql:host=127.0.0.1;port=3306;dbname=nitai4-xf;charset=utf8
[2022-06-20T03:16:36+08:00][sql] SHOW FULL COLUMNS FROM `xf_system` [ RunTime:0.000904s ]
[2022-06-20T03:16:36+08:00][sql] SELECT * FROM `xf_system` WHERE  `id` = 1 LIMIT 1 [ RunTime:0.000314s ]
[2022-06-20T03:16:36+08:00][sql] SHOW FULL COLUMNS FROM `xf_user` [ RunTime:0.000739s ]
[2022-06-20T03:16:36+08:00][sql] SELECT * FROM `xf_user` WHERE  `id` = 1 LIMIT 1 [ RunTime:0.000289s ]
[2022-06-20T03:18:30+08:00][sql] CONNECT:[ UseTime:0.000401s ] mysql:host=127.0.0.1;port=3306;dbname=nitai4-xf;charset=utf8
[2022-06-20T03:18:30+08:00][sql] SHOW FULL COLUMNS FROM `xf_system` [ RunTime:0.000948s ]
[2022-06-20T03:18:30+08:00][sql] SELECT * FROM `xf_system` WHERE  `id` = 1 LIMIT 1 [ RunTime:0.000302s ]
[2022-06-20T03:18:30+08:00][sql] SHOW FULL COLUMNS FROM `xf_hezuo` [ RunTime:0.000684s ]
[2022-06-20T03:18:30+08:00][sql] SELECT * FROM `xf_hezuo` ORDER BY `id` DESC [ RunTime:0.000296s ]
[2022-06-20T03:18:30+08:00][sql] SHOW FULL COLUMNS FROM `xf_user` [ RunTime:0.000718s ]
[2022-06-20T03:18:30+08:00][sql] SELECT * FROM `xf_user` WHERE  `id` = 1 LIMIT 1 [ RunTime:0.000233s ]
[2022-06-20T03:18:31+08:00][sql] CONNECT:[ UseTime:0.000423s ] mysql:host=127.0.0.1;port=3306;dbname=nitai4-xf;charset=utf8
[2022-06-20T03:18:31+08:00][sql] SHOW FULL COLUMNS FROM `xf_system` [ RunTime:0.001083s ]
[2022-06-20T03:18:31+08:00][sql] SELECT * FROM `xf_system` WHERE  `id` = 1 LIMIT 1 [ RunTime:0.000292s ]
[2022-06-20T03:18:31+08:00][sql] SHOW FULL COLUMNS FROM `xf_user` [ RunTime:0.000805s ]
[2022-06-20T03:18:31+08:00][sql] SELECT * FROM `xf_user` WHERE  `id` = 1 LIMIT 1 [ RunTime:0.000271s ]
[2022-06-20T03:18:33+08:00][sql] CONNECT:[ UseTime:0.000400s ] mysql:host=127.0.0.1;port=3306;dbname=nitai4-xf;charset=utf8
[2022-06-20T03:18:33+08:00][sql] SHOW FULL COLUMNS FROM `xf_system` [ RunTime:0.000946s ]
[2022-06-20T03:18:33+08:00][sql] UPDATE `xf_system`  SET `sitename` = '小枫拟态ui4.0' , `keywords` = '拟态ui设计,拟态源码,引导页,个人引导页,个人主页,个人介绍页,拟态引导页,简约个人主页,个人主页源码' , `description` = '拟态UI设计是小枫原创的一款简约平滑开源的个人主页设计。' , `site_logo` = 'https://www.xfwl.club/favicon.ico' , `station_establishment_time` = '2022-06-18' , `recordno` = '赣ICP备2020011714号' , `site_title` = 'Mimic UI4.0' , `site_music` = '606e5a8824639' , `siteurl` = 'https://www.xfwl.club' , `copyright` = 'Copyright © 2022' , `site_status` = 0  WHERE  `id` = 1 [ RunTime:0.004000s ]
[2022-06-20T03:18:34+08:00][sql] CONNECT:[ UseTime:0.000404s ] mysql:host=127.0.0.1;port=3306;dbname=nitai4-xf;charset=utf8
[2022-06-20T03:18:34+08:00][sql] SHOW FULL COLUMNS FROM `xf_system` [ RunTime:0.001006s ]
[2022-06-20T03:18:34+08:00][sql] SELECT * FROM `xf_system` WHERE  `id` = 1 LIMIT 1 [ RunTime:0.000346s ]
[2022-06-20T03:18:34+08:00][sql] SHOW FULL COLUMNS FROM `xf_user` [ RunTime:0.000756s ]
[2022-06-20T03:18:34+08:00][sql] SELECT * FROM `xf_user` WHERE  `id` = 1 LIMIT 1 [ RunTime:0.000369s ]
[2022-06-20T17:53:59+08:00][sql] CONNECT:[ UseTime:0.000491s ] mysql:host=127.0.0.1;port=3306;dbname=nitai4-xf;charset=utf8
[2022-06-20T17:53:59+08:00][sql] SHOW FULL COLUMNS FROM `xf_system` [ RunTime:0.001171s ]
[2022-06-20T17:53:59+08:00][sql] SELECT * FROM `xf_system` WHERE  `id` = 1 LIMIT 1 [ RunTime:0.000408s ]
[2022-06-20T17:53:59+08:00][sql] SHOW FULL COLUMNS FROM `xf_user` [ RunTime:0.000823s ]
[2022-06-20T17:53:59+08:00][sql] SELECT * FROM `xf_user` WHERE  `id` = 1 LIMIT 1 [ RunTime:0.000347s ]
[2022-06-20T17:54:07+08:00][sql] CONNECT:[ UseTime:0.000446s ] mysql:host=127.0.0.1;port=3306;dbname=nitai4-xf;charset=utf8
[2022-06-20T17:54:07+08:00][sql] SHOW FULL COLUMNS FROM `xf_system` [ RunTime:0.001111s ]
[2022-06-20T17:54:07+08:00][sql] SELECT * FROM `xf_system` WHERE  `id` = 1 LIMIT 1 [ RunTime:0.000384s ]
[2022-06-20T17:54:07+08:00][sql] SHOW FULL COLUMNS FROM `xf_user` [ RunTime:0.000858s ]
[2022-06-20T17:54:07+08:00][sql] SELECT * FROM `xf_user` WHERE  `id` = 1 LIMIT 1 [ RunTime:0.000303s ]
[2022-06-20T17:54:12+08:00][sql] CONNECT:[ UseTime:0.000434s ] mysql:host=127.0.0.1;port=3306;dbname=nitai4-xf;charset=utf8
[2022-06-20T17:54:12+08:00][sql] SHOW FULL COLUMNS FROM `xf_user` [ RunTime:0.001178s ]
[2022-06-20T17:54:12+08:00][sql] SELECT `id`,`username`,`password` FROM `xf_user` WHERE  `username` = 'admin' LIMIT 1 [ RunTime:0.000369s ]
[2022-06-20T17:54:13+08:00][sql] CONNECT:[ UseTime:0.000413s ] mysql:host=127.0.0.1;port=3306;dbname=nitai4-xf;charset=utf8
[2022-06-20T17:54:13+08:00][sql] SHOW FULL COLUMNS FROM `xf_system` [ RunTime:0.000993s ]
[2022-06-20T17:54:13+08:00][sql] SELECT * FROM `xf_system` WHERE  `id` = 1 LIMIT 1 [ RunTime:0.000371s ]
[2022-06-20T17:54:13+08:00][sql] SHOW FULL COLUMNS FROM `xf_hezuo` [ RunTime:0.001088s ]
[2022-06-20T17:54:13+08:00][sql] SELECT * FROM `xf_hezuo` ORDER BY `id` DESC [ RunTime:0.000433s ]
[2022-06-20T17:54:13+08:00][sql] SHOW FULL COLUMNS FROM `xf_user` [ RunTime:0.000977s ]
[2022-06-20T17:54:13+08:00][sql] SELECT * FROM `xf_user` WHERE  `id` = 1 LIMIT 1 [ RunTime:0.000406s ]
[2022-06-20T17:54:22+08:00][sql] CONNECT:[ UseTime:0.000499s ] mysql:host=127.0.0.1;port=3306;dbname=nitai4-xf;charset=utf8
[2022-06-20T17:54:22+08:00][sql] SHOW FULL COLUMNS FROM `xf_system` [ RunTime:0.001501s ]
[2022-06-20T17:54:22+08:00][sql] SELECT * FROM `xf_system` WHERE  `id` = 1 LIMIT 1 [ RunTime:0.000452s ]
[2022-06-20T17:54:22+08:00][sql] SHOW FULL COLUMNS FROM `xf_friend` [ RunTime:0.001001s ]
[2022-06-20T17:54:22+08:00][sql] SELECT * FROM `xf_friend` WHERE  `userid` = 1  AND `status` = 0 ORDER BY `id` DESC [ RunTime:0.000398s ]
[2022-06-20T17:54:22+08:00][sql] SELECT * FROM `xf_friend` WHERE  `userid` = 1  AND `status` = 1 ORDER BY `id` DESC [ RunTime:0.000289s ]
[2022-06-20T17:54:22+08:00][sql] SHOW FULL COLUMNS FROM `xf_user` [ RunTime:0.000792s ]
[2022-06-20T17:54:22+08:00][sql] SELECT * FROM `xf_user` WHERE  `id` = 1 LIMIT 1 [ RunTime:0.000419s ]
[2022-06-20T17:54:24+08:00][sql] CONNECT:[ UseTime:0.000544s ] mysql:host=127.0.0.1;port=3306;dbname=nitai4-xf;charset=utf8
[2022-06-20T17:54:24+08:00][sql] SHOW FULL COLUMNS FROM `xf_system` [ RunTime:0.001143s ]
[2022-06-20T17:54:24+08:00][sql] SELECT * FROM `xf_system` WHERE  `id` = 1 LIMIT 1 [ RunTime:0.000412s ]
[2022-06-20T17:54:24+08:00][sql] SHOW FULL COLUMNS FROM `xf_hezuo` [ RunTime:0.001026s ]
[2022-06-20T17:54:24+08:00][sql] SELECT * FROM `xf_hezuo` ORDER BY `id` DESC [ RunTime:0.000288s ]
[2022-06-20T17:54:24+08:00][sql] SHOW FULL COLUMNS FROM `xf_user` [ RunTime:0.000936s ]
[2022-06-20T17:54:24+08:00][sql] SELECT * FROM `xf_user` WHERE  `id` = 1 LIMIT 1 [ RunTime:0.000332s ]
[2022-06-20T17:54:25+08:00][sql] CONNECT:[ UseTime:0.000528s ] mysql:host=127.0.0.1;port=3306;dbname=nitai4-xf;charset=utf8
[2022-06-20T17:54:25+08:00][sql] SHOW FULL COLUMNS FROM `xf_system` [ RunTime:0.001228s ]
[2022-06-20T17:54:25+08:00][sql] SELECT * FROM `xf_system` WHERE  `id` = 1 LIMIT 1 [ RunTime:0.000447s ]
[2022-06-20T17:54:25+08:00][sql] SHOW FULL COLUMNS FROM `xf_user` [ RunTime:0.000940s ]
[2022-06-20T17:54:25+08:00][sql] SELECT * FROM `xf_user` WHERE  `id` = 1 LIMIT 1 [ RunTime:0.000362s ]
[2022-06-20T17:54:28+08:00][sql] CONNECT:[ UseTime:0.000410s ] mysql:host=127.0.0.1;port=3306;dbname=nitai4-xf;charset=utf8
[2022-06-20T17:54:28+08:00][sql] SHOW FULL COLUMNS FROM `xf_system` [ RunTime:0.001101s ]
[2022-06-20T17:54:28+08:00][sql] UPDATE `xf_system`  SET `sitename` = '小枫拟态ui4.0' , `keywords` = '拟态ui设计,拟态源码,引导页,个人引导页,个人主页,个人介绍页,拟态引导页,简约个人主页,个人主页源码' , `description` = '拟态UI设计是小枫原创的一款简约平滑开源的个人主页设计。' , `site_logo` = 'https://www.xfwl.club/favicon.ico' , `station_establishment_time` = '2022-06-18' , `recordno` = '赣ICP备2020011714号' , `site_title` = 'Mimic UI4.0' , `site_music` = '606e5a8824639' , `siteurl` = 'https://www.xfwl.club' , `copyright` = 'Copyright © 2022' , `site_status` = 1  WHERE  `id` = 1 [ RunTime:0.010764s ]
[2022-06-20T17:54:28+08:00][sql] CONNECT:[ UseTime:0.000507s ] mysql:host=127.0.0.1;port=3306;dbname=nitai4-xf;charset=utf8
[2022-06-20T17:54:28+08:00][sql] SHOW FULL COLUMNS FROM `xf_system` [ RunTime:0.000937s ]
[2022-06-20T17:54:28+08:00][sql] SELECT * FROM `xf_system` WHERE  `id` = 1 LIMIT 1 [ RunTime:0.000367s ]
[2022-06-20T17:54:28+08:00][sql] SHOW FULL COLUMNS FROM `xf_user` [ RunTime:0.000784s ]
[2022-06-20T17:54:28+08:00][sql] SELECT * FROM `xf_user` WHERE  `id` = 1 LIMIT 1 [ RunTime:0.000337s ]
[2022-06-20T18:02:04+08:00][sql] CONNECT:[ UseTime:0.000917s ] mysql:host=127.0.0.1;port=3306;dbname=nitai4-xf;charset=utf8
[2022-06-20T18:02:04+08:00][sql] SHOW FULL COLUMNS FROM `xf_system` [ RunTime:0.001719s ]
[2022-06-20T18:02:04+08:00][sql] SELECT * FROM `xf_system` WHERE  `id` = 1 LIMIT 1 [ RunTime:0.000771s ]
[2022-06-20T18:02:04+08:00][sql] SHOW FULL COLUMNS FROM `xf_hezuo` [ RunTime:0.001541s ]
[2022-06-20T18:02:04+08:00][sql] SELECT * FROM `xf_hezuo` ORDER BY `id` DESC [ RunTime:0.000453s ]
[2022-06-20T18:02:04+08:00][sql] SHOW FULL COLUMNS FROM `xf_user` [ RunTime:0.001331s ]
[2022-06-20T18:02:04+08:00][sql] SELECT * FROM `xf_user` WHERE  `id` = 1 LIMIT 1 [ RunTime:0.000457s ]
[2022-06-20T23:24:49+08:00][sql] CONNECT:[ UseTime:0.000582s ] mysql:host=127.0.0.1;port=3306;dbname=nitai4-xf;charset=utf8
[2022-06-20T23:24:49+08:00][sql] SHOW FULL COLUMNS FROM `xf_system` [ RunTime:0.001000s ]
[2022-06-20T23:24:49+08:00][sql] SELECT * FROM `xf_system` WHERE  `id` = 1 LIMIT 1 [ RunTime:0.000329s ]
[2022-06-20T23:24:49+08:00][sql] SHOW FULL COLUMNS FROM `xf_user` [ RunTime:0.000650s ]
[2022-06-20T23:24:49+08:00][sql] SELECT * FROM `xf_user` WHERE  `id` = 1 LIMIT 1 [ RunTime:0.000265s ]
[2022-06-20T23:24:50+08:00][sql] CONNECT:[ UseTime:0.000410s ] mysql:host=127.0.0.1;port=3306;dbname=nitai4-xf;charset=utf8
[2022-06-20T23:24:50+08:00][sql] SHOW FULL COLUMNS FROM `xf_system` [ RunTime:0.000922s ]
[2022-06-20T23:24:50+08:00][sql] SELECT * FROM `xf_system` WHERE  `id` = 1 LIMIT 1 [ RunTime:0.000308s ]
[2022-06-20T23:24:50+08:00][sql] SHOW FULL COLUMNS FROM `xf_user` [ RunTime:0.000619s ]
[2022-06-20T23:24:50+08:00][sql] SELECT * FROM `xf_user` WHERE  `id` = 1 LIMIT 1 [ RunTime:0.000267s ]
[2022-06-20T23:24:51+08:00][sql] CONNECT:[ UseTime:0.000534s ] mysql:host=127.0.0.1;port=3306;dbname=nitai4-xf;charset=utf8
[2022-06-20T23:24:51+08:00][sql] SHOW FULL COLUMNS FROM `xf_system` [ RunTime:0.000856s ]
[2022-06-20T23:24:51+08:00][sql] SELECT * FROM `xf_system` WHERE  `id` = 1 LIMIT 1 [ RunTime:0.000338s ]
[2022-06-20T23:24:51+08:00][sql] SHOW FULL COLUMNS FROM `xf_user` [ RunTime:0.000662s ]
[2022-06-20T23:24:51+08:00][sql] SELECT * FROM `xf_user` WHERE  `id` = 1 LIMIT 1 [ RunTime:0.000288s ]
[2022-06-20T23:24:52+08:00][sql] CONNECT:[ UseTime:0.000395s ] mysql:host=127.0.0.1;port=3306;dbname=nitai4-xf;charset=utf8
[2022-06-20T23:24:52+08:00][sql] SHOW FULL COLUMNS FROM `xf_system` [ RunTime:0.000993s ]
[2022-06-20T23:24:52+08:00][sql] SELECT * FROM `xf_system` WHERE  `id` = 1 LIMIT 1 [ RunTime:0.000319s ]
[2022-06-20T23:24:52+08:00][sql] SHOW FULL COLUMNS FROM `xf_user` [ RunTime:0.000805s ]
[2022-06-20T23:24:52+08:00][sql] SELECT * FROM `xf_user` WHERE  `id` = 1 LIMIT 1 [ RunTime:0.000287s ]
[2022-06-20T23:24:55+08:00][sql] CONNECT:[ UseTime:0.000469s ] mysql:host=127.0.0.1;port=3306;dbname=nitai4-xf;charset=utf8
[2022-06-20T23:24:55+08:00][sql] SHOW FULL COLUMNS FROM `xf_system` [ RunTime:0.000952s ]
[2022-06-20T23:24:55+08:00][sql] SELECT * FROM `xf_system` WHERE  `id` = 1 LIMIT 1 [ RunTime:0.000383s ]
[2022-06-20T23:24:55+08:00][sql] SHOW FULL COLUMNS FROM `xf_user` [ RunTime:0.000663s ]
[2022-06-20T23:24:55+08:00][sql] SELECT * FROM `xf_user` WHERE  `id` = 1 LIMIT 1 [ RunTime:0.000280s ]
