[2022-06-20T02:50:59+08:00][error] [10501]SQLSTATE[HY000] [1045] Access denied for user '数据库用户名'@'localhost' (using password: YES)
[2022-06-20T02:51:00+08:00][error] [10501]SQLSTATE[HY000] [1045] Access denied for user '数据库用户名'@'localhost' (using password: YES)
[2022-06-20T02:51:35+08:00][sql] CONNECT:[ UseTime:0.000411s ] mysql:host=127.0.0.1;port=3306;dbname=nitai4-xf;charset=utf8
[2022-06-20T02:51:35+08:00][sql] SHOW FULL COLUMNS FROM `xf_system` [ RunTime:0.000924s ]
[2022-06-20T02:51:35+08:00][sql] SELECT * FROM `xf_system` WHERE  `id` = 1 LIMIT 1 [ RunTime:0.000320s ]
[2022-06-20T02:51:35+08:00][sql] SHOW FULL COLUMNS FROM `xf_website` [ RunTime:0.000839s ]
[2022-06-20T02:51:35+08:00][sql] SELECT * FROM `xf_website` ORDER BY `id` DESC [ RunTime:0.000235s ]
[2022-06-20T02:51:35+08:00][sql] SHOW FULL COLUMNS FROM `xf_elements` [ RunTime:0.000734s ]
[2022-06-20T02:51:35+08:00][sql] SELECT * FROM `xf_elements` ORDER BY `id` DESC [ RunTime:0.000237s ]
[2022-06-20T02:51:35+08:00][sql] SHOW FULL COLUMNS FROM `xf_friend` [ RunTime:0.000602s ]
[2022-06-20T02:51:35+08:00][sql] SELECT * FROM `xf_friend` WHERE  `status` = 0 ORDER BY `id` DESC [ RunTime:0.000246s ]
[2022-06-20T02:51:35+08:00][sql] SHOW FULL COLUMNS FROM `xf_msg` [ RunTime:0.000566s ]
[2022-06-20T02:51:35+08:00][sql] SELECT * FROM `xf_msg` ORDER BY `id` DESC LIMIT 30 [ RunTime:0.000196s ]
[2022-06-20T02:51:35+08:00][sql] SHOW FULL COLUMNS FROM `xf_user` [ RunTime:0.000593s ]
[2022-06-20T02:51:35+08:00][sql] SELECT * FROM `xf_user` WHERE  `id` = 1 LIMIT 1 [ RunTime:0.000319s ]
[2022-06-20T02:55:20+08:00][sql] CONNECT:[ UseTime:0.000341s ] mysql:host=127.0.0.1;port=3306;dbname=nitai4-xf;charset=utf8
[2022-06-20T02:55:20+08:00][sql] SHOW FULL COLUMNS FROM `xf_system` [ RunTime:0.000884s ]
[2022-06-20T02:55:20+08:00][sql] SELECT * FROM `xf_system` WHERE  `id` = 1 LIMIT 1 [ RunTime:0.000310s ]
[2022-06-20T02:55:20+08:00][sql] SHOW FULL COLUMNS FROM `xf_website` [ RunTime:0.000659s ]
[2022-06-20T02:55:20+08:00][sql] SELECT * FROM `xf_website` ORDER BY `id` DESC [ RunTime:0.000191s ]
[2022-06-20T02:55:20+08:00][sql] SHOW FULL COLUMNS FROM `xf_elements` [ RunTime:0.000644s ]
[2022-06-20T02:55:20+08:00][sql] SELECT * FROM `xf_elements` ORDER BY `id` DESC [ RunTime:0.000196s ]
[2022-06-20T02:55:20+08:00][sql] SHOW FULL COLUMNS FROM `xf_friend` [ RunTime:0.000625s ]
[2022-06-20T02:55:20+08:00][sql] SELECT * FROM `xf_friend` WHERE  `status` = 0 ORDER BY `id` DESC [ RunTime:0.000227s ]
[2022-06-20T02:55:20+08:00][sql] SHOW FULL COLUMNS FROM `xf_msg` [ RunTime:0.000602s ]
[2022-06-20T02:55:20+08:00][sql] SELECT * FROM `xf_msg` ORDER BY `id` DESC LIMIT 30 [ RunTime:0.000179s ]
[2022-06-20T02:55:20+08:00][sql] SHOW FULL COLUMNS FROM `xf_user` [ RunTime:0.000644s ]
[2022-06-20T02:55:20+08:00][sql] SELECT * FROM `xf_user` WHERE  `id` = 1 LIMIT 1 [ RunTime:0.000219s ]
[2022-06-20T02:55:26+08:00][sql] CONNECT:[ UseTime:0.000430s ] mysql:host=127.0.0.1;port=3306;dbname=nitai4-xf;charset=utf8
[2022-06-20T02:55:26+08:00][sql] SHOW FULL COLUMNS FROM `xf_system` [ RunTime:0.001035s ]
[2022-06-20T02:55:26+08:00][sql] SELECT * FROM `xf_system` WHERE  `id` = 1 LIMIT 1 [ RunTime:0.000325s ]
[2022-06-20T02:55:26+08:00][sql] SHOW FULL COLUMNS FROM `xf_website` [ RunTime:0.000610s ]
[2022-06-20T02:55:26+08:00][sql] SELECT * FROM `xf_website` ORDER BY `id` DESC [ RunTime:0.000241s ]
[2022-06-20T02:55:26+08:00][sql] SHOW FULL COLUMNS FROM `xf_elements` [ RunTime:0.000712s ]
[2022-06-20T02:55:26+08:00][sql] SELECT * FROM `xf_elements` ORDER BY `id` DESC [ RunTime:0.000231s ]
[2022-06-20T02:55:26+08:00][sql] SHOW FULL COLUMNS FROM `xf_friend` [ RunTime:0.000576s ]
[2022-06-20T02:55:26+08:00][sql] SELECT * FROM `xf_friend` WHERE  `status` = 0 ORDER BY `id` DESC [ RunTime:0.000243s ]
[2022-06-20T02:55:26+08:00][sql] SHOW FULL COLUMNS FROM `xf_msg` [ RunTime:0.000577s ]
[2022-06-20T02:55:26+08:00][sql] SELECT * FROM `xf_msg` ORDER BY `id` DESC LIMIT 30 [ RunTime:0.000182s ]
[2022-06-20T02:55:26+08:00][sql] SHOW FULL COLUMNS FROM `xf_user` [ RunTime:0.000598s ]
[2022-06-20T02:55:26+08:00][sql] SELECT * FROM `xf_user` WHERE  `id` = 1 LIMIT 1 [ RunTime:0.000341s ]
[2022-06-20T02:56:05+08:00][sql] CONNECT:[ UseTime:0.000413s ] mysql:host=127.0.0.1;port=3306;dbname=nitai4-xf;charset=utf8
[2022-06-20T02:56:05+08:00][sql] SHOW FULL COLUMNS FROM `xf_system` [ RunTime:0.000839s ]
[2022-06-20T02:56:05+08:00][sql] SELECT * FROM `xf_system` WHERE  `id` = 1 LIMIT 1 [ RunTime:0.000304s ]
[2022-06-20T02:56:05+08:00][sql] SHOW FULL COLUMNS FROM `xf_website` [ RunTime:0.000601s ]
[2022-06-20T02:56:05+08:00][sql] SELECT * FROM `xf_website` ORDER BY `id` DESC [ RunTime:0.000263s ]
[2022-06-20T02:56:05+08:00][sql] SHOW FULL COLUMNS FROM `xf_elements` [ RunTime:0.000758s ]
[2022-06-20T02:56:05+08:00][sql] SELECT * FROM `xf_elements` ORDER BY `id` DESC [ RunTime:0.000236s ]
[2022-06-20T02:56:05+08:00][sql] SHOW FULL COLUMNS FROM `xf_friend` [ RunTime:0.000684s ]
[2022-06-20T02:56:05+08:00][sql] SELECT * FROM `xf_friend` WHERE  `status` = 0 ORDER BY `id` DESC [ RunTime:0.000281s ]
[2022-06-20T02:56:05+08:00][sql] SHOW FULL COLUMNS FROM `xf_msg` [ RunTime:0.000572s ]
[2022-06-20T02:56:05+08:00][sql] SELECT * FROM `xf_msg` ORDER BY `id` DESC LIMIT 30 [ RunTime:0.000214s ]
[2022-06-20T02:56:05+08:00][sql] SHOW FULL COLUMNS FROM `xf_user` [ RunTime:0.000617s ]
[2022-06-20T02:56:05+08:00][sql] SELECT * FROM `xf_user` WHERE  `id` = 1 LIMIT 1 [ RunTime:0.000278s ]
[2022-06-20T02:56:21+08:00][sql] CONNECT:[ UseTime:0.000423s ] mysql:host=127.0.0.1;port=3306;dbname=nitai4-xf;charset=utf8
[2022-06-20T02:56:21+08:00][sql] SHOW FULL COLUMNS FROM `xf_system` [ RunTime:0.001018s ]
[2022-06-20T02:56:21+08:00][sql] SELECT * FROM `xf_system` WHERE  `id` = 1 LIMIT 1 [ RunTime:0.000468s ]
[2022-06-20T02:56:21+08:00][sql] SHOW FULL COLUMNS FROM `xf_website` [ RunTime:0.000768s ]
[2022-06-20T02:56:21+08:00][sql] SELECT * FROM `xf_website` ORDER BY `id` DESC [ RunTime:0.000230s ]
[2022-06-20T02:56:21+08:00][sql] SHOW FULL COLUMNS FROM `xf_elements` [ RunTime:0.000741s ]
[2022-06-20T02:56:21+08:00][sql] SELECT * FROM `xf_elements` ORDER BY `id` DESC [ RunTime:0.000236s ]
[2022-06-20T02:56:21+08:00][sql] SHOW FULL COLUMNS FROM `xf_friend` [ RunTime:0.000614s ]
[2022-06-20T02:56:21+08:00][sql] SELECT * FROM `xf_friend` WHERE  `status` = 0 ORDER BY `id` DESC [ RunTime:0.000271s ]
[2022-06-20T02:56:21+08:00][sql] SHOW FULL COLUMNS FROM `xf_msg` [ RunTime:0.000574s ]
[2022-06-20T02:56:21+08:00][sql] SELECT * FROM `xf_msg` ORDER BY `id` DESC LIMIT 30 [ RunTime:0.000251s ]
[2022-06-20T02:56:21+08:00][sql] SHOW FULL COLUMNS FROM `xf_user` [ RunTime:0.000642s ]
[2022-06-20T02:56:21+08:00][sql] SELECT * FROM `xf_user` WHERE  `id` = 1 LIMIT 1 [ RunTime:0.000276s ]
[2022-06-20T02:57:38+08:00][sql] CONNECT:[ UseTime:0.000353s ] mysql:host=127.0.0.1;port=3306;dbname=nitai4-xf;charset=utf8
[2022-06-20T02:57:38+08:00][sql] SHOW FULL COLUMNS FROM `xf_system` [ RunTime:0.000935s ]
[2022-06-20T02:57:38+08:00][sql] SELECT * FROM `xf_system` WHERE  `id` = 1 LIMIT 1 [ RunTime:0.000284s ]
[2022-06-20T02:57:38+08:00][sql] SHOW FULL COLUMNS FROM `xf_website` [ RunTime:0.000718s ]
[2022-06-20T02:57:38+08:00][sql] SELECT * FROM `xf_website` ORDER BY `id` DESC [ RunTime:0.000206s ]
[2022-06-20T02:57:38+08:00][sql] SHOW FULL COLUMNS FROM `xf_elements` [ RunTime:0.000564s ]
[2022-06-20T02:57:38+08:00][sql] SELECT * FROM `xf_elements` ORDER BY `id` DESC [ RunTime:0.000226s ]
[2022-06-20T02:57:38+08:00][sql] SHOW FULL COLUMNS FROM `xf_friend` [ RunTime:0.000590s ]
[2022-06-20T02:57:38+08:00][sql] SELECT * FROM `xf_friend` WHERE  `status` = 0 ORDER BY `id` DESC [ RunTime:0.000220s ]
[2022-06-20T02:57:38+08:00][sql] SHOW FULL COLUMNS FROM `xf_msg` [ RunTime:0.000555s ]
[2022-06-20T02:57:38+08:00][sql] SELECT * FROM `xf_msg` ORDER BY `id` DESC LIMIT 30 [ RunTime:0.000179s ]
[2022-06-20T02:57:38+08:00][sql] SHOW FULL COLUMNS FROM `xf_user` [ RunTime:0.000571s ]
[2022-06-20T02:57:38+08:00][sql] SELECT * FROM `xf_user` WHERE  `id` = 1 LIMIT 1 [ RunTime:0.000228s ]
[2022-06-20T02:58:53+08:00][sql] CONNECT:[ UseTime:0.000371s ] mysql:host=127.0.0.1;port=3306;dbname=nitai4-xf;charset=utf8
[2022-06-20T02:58:53+08:00][sql] SHOW FULL COLUMNS FROM `xf_system` [ RunTime:0.001081s ]
[2022-06-20T02:58:53+08:00][sql] SELECT * FROM `xf_system` WHERE  `id` = 1 LIMIT 1 [ RunTime:0.000311s ]
[2022-06-20T02:58:53+08:00][sql] SHOW FULL COLUMNS FROM `xf_website` [ RunTime:0.000673s ]
[2022-06-20T02:58:53+08:00][sql] SELECT * FROM `xf_website` ORDER BY `id` DESC [ RunTime:0.000251s ]
[2022-06-20T02:58:53+08:00][sql] SHOW FULL COLUMNS FROM `xf_elements` [ RunTime:0.000722s ]
[2022-06-20T02:58:53+08:00][sql] SELECT * FROM `xf_elements` ORDER BY `id` DESC [ RunTime:0.000286s ]
[2022-06-20T02:58:53+08:00][sql] SHOW FULL COLUMNS FROM `xf_friend` [ RunTime:0.000731s ]
[2022-06-20T02:58:53+08:00][sql] SELECT * FROM `xf_friend` WHERE  `status` = 0 ORDER BY `id` DESC [ RunTime:0.000253s ]
[2022-06-20T02:58:53+08:00][sql] SHOW FULL COLUMNS FROM `xf_msg` [ RunTime:0.000554s ]
[2022-06-20T02:58:53+08:00][sql] SELECT * FROM `xf_msg` ORDER BY `id` DESC LIMIT 30 [ RunTime:0.000184s ]
[2022-06-20T02:58:53+08:00][sql] SHOW FULL COLUMNS FROM `xf_user` [ RunTime:0.000575s ]
[2022-06-20T02:58:53+08:00][sql] SELECT * FROM `xf_user` WHERE  `id` = 1 LIMIT 1 [ RunTime:0.000238s ]
[2022-06-20T02:59:09+08:00][sql] CONNECT:[ UseTime:0.000352s ] mysql:host=127.0.0.1;port=3306;dbname=nitai4-xf;charset=utf8
[2022-06-20T02:59:09+08:00][sql] SHOW FULL COLUMNS FROM `xf_system` [ RunTime:0.000869s ]
[2022-06-20T02:59:09+08:00][sql] SELECT * FROM `xf_system` WHERE  `id` = 1 LIMIT 1 [ RunTime:0.000317s ]
[2022-06-20T02:59:09+08:00][sql] SHOW FULL COLUMNS FROM `xf_website` [ RunTime:0.000593s ]
[2022-06-20T02:59:09+08:00][sql] SELECT * FROM `xf_website` ORDER BY `id` DESC [ RunTime:0.000218s ]
[2022-06-20T02:59:09+08:00][sql] SHOW FULL COLUMNS FROM `xf_elements` [ RunTime:0.000667s ]
[2022-06-20T02:59:09+08:00][sql] SELECT * FROM `xf_elements` ORDER BY `id` DESC [ RunTime:0.000213s ]
[2022-06-20T02:59:09+08:00][sql] SHOW FULL COLUMNS FROM `xf_friend` [ RunTime:0.000560s ]
[2022-06-20T02:59:09+08:00][sql] SELECT * FROM `xf_friend` WHERE  `status` = 0 ORDER BY `id` DESC [ RunTime:0.000239s ]
[2022-06-20T02:59:09+08:00][sql] SHOW FULL COLUMNS FROM `xf_msg` [ RunTime:0.000522s ]
[2022-06-20T02:59:09+08:00][sql] SELECT * FROM `xf_msg` ORDER BY `id` DESC LIMIT 30 [ RunTime:0.000177s ]
[2022-06-20T02:59:09+08:00][sql] SHOW FULL COLUMNS FROM `xf_user` [ RunTime:0.000702s ]
[2022-06-20T02:59:09+08:00][sql] SELECT * FROM `xf_user` WHERE  `id` = 1 LIMIT 1 [ RunTime:0.000273s ]
[2022-06-20T03:01:54+08:00][sql] CONNECT:[ UseTime:0.000397s ] mysql:host=127.0.0.1;port=3306;dbname=nitai4-xf;charset=utf8
[2022-06-20T03:01:54+08:00][sql] SHOW FULL COLUMNS FROM `xf_system` [ RunTime:0.000882s ]
[2022-06-20T03:01:54+08:00][sql] SELECT * FROM `xf_system` WHERE  `id` = 1 LIMIT 1 [ RunTime:0.000374s ]
[2022-06-20T03:01:54+08:00][sql] SHOW FULL COLUMNS FROM `xf_website` [ RunTime:0.001116s ]
[2022-06-20T03:01:54+08:00][sql] SELECT * FROM `xf_website` ORDER BY `id` DESC [ RunTime:0.000225s ]
[2022-06-20T03:01:54+08:00][sql] SHOW FULL COLUMNS FROM `xf_elements` [ RunTime:0.000606s ]
[2022-06-20T03:01:54+08:00][sql] SELECT * FROM `xf_elements` ORDER BY `id` DESC [ RunTime:0.000245s ]
[2022-06-20T03:01:54+08:00][sql] SHOW FULL COLUMNS FROM `xf_friend` [ RunTime:0.000598s ]
[2022-06-20T03:01:54+08:00][sql] SELECT * FROM `xf_friend` WHERE  `status` = 0 ORDER BY `id` DESC [ RunTime:0.000259s ]
[2022-06-20T03:01:54+08:00][sql] SHOW FULL COLUMNS FROM `xf_msg` [ RunTime:0.000560s ]
[2022-06-20T03:01:54+08:00][sql] SELECT * FROM `xf_msg` ORDER BY `id` DESC LIMIT 30 [ RunTime:0.000180s ]
[2022-06-20T03:01:54+08:00][sql] SHOW FULL COLUMNS FROM `xf_user` [ RunTime:0.000599s ]
[2022-06-20T03:01:54+08:00][sql] SELECT * FROM `xf_user` WHERE  `id` = 1 LIMIT 1 [ RunTime:0.000213s ]
[2022-06-20T03:05:28+08:00][sql] CONNECT:[ UseTime:0.000395s ] mysql:host=127.0.0.1;port=3306;dbname=nitai4-xf;charset=utf8
[2022-06-20T03:05:28+08:00][sql] SHOW FULL COLUMNS FROM `xf_system` [ RunTime:0.000950s ]
[2022-06-20T03:05:28+08:00][sql] SELECT * FROM `xf_system` WHERE  `id` = 1 LIMIT 1 [ RunTime:0.000390s ]
[2022-06-20T03:05:28+08:00][sql] SHOW FULL COLUMNS FROM `xf_website` [ RunTime:0.000577s ]
[2022-06-20T03:05:28+08:00][sql] SELECT * FROM `xf_website` ORDER BY `id` DESC [ RunTime:0.000262s ]
[2022-06-20T03:05:28+08:00][sql] SHOW FULL COLUMNS FROM `xf_elements` [ RunTime:0.000675s ]
[2022-06-20T03:05:28+08:00][sql] SELECT * FROM `xf_elements` ORDER BY `id` DESC [ RunTime:0.000191s ]
[2022-06-20T03:05:28+08:00][sql] SHOW FULL COLUMNS FROM `xf_friend` [ RunTime:0.000570s ]
[2022-06-20T03:05:28+08:00][sql] SELECT * FROM `xf_friend` WHERE  `status` = 0 ORDER BY `id` DESC [ RunTime:0.000222s ]
[2022-06-20T03:05:28+08:00][sql] SHOW FULL COLUMNS FROM `xf_msg` [ RunTime:0.000563s ]
[2022-06-20T03:05:28+08:00][sql] SELECT * FROM `xf_msg` ORDER BY `id` DESC LIMIT 30 [ RunTime:0.000167s ]
[2022-06-20T03:05:28+08:00][sql] SHOW FULL COLUMNS FROM `xf_user` [ RunTime:0.000596s ]
[2022-06-20T03:05:28+08:00][sql] SELECT * FROM `xf_user` WHERE  `id` = 1 LIMIT 1 [ RunTime:0.000270s ]
[2022-06-20T03:10:32+08:00][sql] CONNECT:[ UseTime:0.000401s ] mysql:host=127.0.0.1;port=3306;dbname=nitai4-xf;charset=utf8
[2022-06-20T03:10:32+08:00][sql] SHOW FULL COLUMNS FROM `xf_system` [ RunTime:0.001016s ]
[2022-06-20T03:10:32+08:00][sql] SELECT * FROM `xf_system` WHERE  `id` = 1 LIMIT 1 [ RunTime:0.000350s ]
[2022-06-20T03:10:32+08:00][sql] SHOW FULL COLUMNS FROM `xf_website` [ RunTime:0.000689s ]
[2022-06-20T03:10:32+08:00][sql] SELECT * FROM `xf_website` ORDER BY `id` DESC [ RunTime:0.000230s ]
[2022-06-20T03:10:32+08:00][sql] SHOW FULL COLUMNS FROM `xf_elements` [ RunTime:0.000716s ]
[2022-06-20T03:10:32+08:00][sql] SELECT * FROM `xf_elements` ORDER BY `id` DESC [ RunTime:0.000195s ]
[2022-06-20T03:10:32+08:00][sql] SHOW FULL COLUMNS FROM `xf_friend` [ RunTime:0.000572s ]
[2022-06-20T03:10:32+08:00][sql] SELECT * FROM `xf_friend` WHERE  `status` = 0 ORDER BY `id` DESC [ RunTime:0.000221s ]
[2022-06-20T03:10:32+08:00][sql] SHOW FULL COLUMNS FROM `xf_msg` [ RunTime:0.000662s ]
[2022-06-20T03:10:32+08:00][sql] SELECT * FROM `xf_msg` ORDER BY `id` DESC LIMIT 30 [ RunTime:0.000178s ]
[2022-06-20T03:10:32+08:00][sql] SHOW FULL COLUMNS FROM `xf_user` [ RunTime:0.000591s ]
[2022-06-20T03:10:32+08:00][sql] SELECT * FROM `xf_user` WHERE  `id` = 1 LIMIT 1 [ RunTime:0.000217s ]
[2022-06-20T03:10:35+08:00][sql] CONNECT:[ UseTime:0.000373s ] mysql:host=127.0.0.1;port=3306;dbname=nitai4-xf;charset=utf8
[2022-06-20T03:10:35+08:00][sql] SHOW FULL COLUMNS FROM `xf_system` [ RunTime:0.000878s ]
[2022-06-20T03:10:35+08:00][sql] SELECT * FROM `xf_system` WHERE  `id` = 1 LIMIT 1 [ RunTime:0.000329s ]
[2022-06-20T18:02:12+08:00][sql] CONNECT:[ UseTime:0.000487s ] mysql:host=127.0.0.1;port=3306;dbname=nitai4-xf;charset=utf8
[2022-06-20T18:02:12+08:00][sql] SHOW FULL COLUMNS FROM `xf_system` [ RunTime:0.000935s ]
[2022-06-20T18:02:12+08:00][sql] SELECT * FROM `xf_system` WHERE  `id` = 1 LIMIT 1 [ RunTime:0.000338s ]
[2022-06-20T18:02:12+08:00][sql] SHOW FULL COLUMNS FROM `xf_website` [ RunTime:0.000709s ]
[2022-06-20T18:02:12+08:00][sql] SELECT * FROM `xf_website` ORDER BY `id` DESC [ RunTime:0.000256s ]
[2022-06-20T18:02:12+08:00][sql] SHOW FULL COLUMNS FROM `xf_elements` [ RunTime:0.000839s ]
[2022-06-20T18:02:12+08:00][sql] SELECT * FROM `xf_elements` ORDER BY `id` DESC [ RunTime:0.000263s ]
[2022-06-20T18:02:12+08:00][sql] SHOW FULL COLUMNS FROM `xf_friend` [ RunTime:0.000630s ]
[2022-06-20T18:02:12+08:00][sql] SELECT * FROM `xf_friend` WHERE  `status` = 0 ORDER BY `id` DESC [ RunTime:0.000282s ]
[2022-06-20T18:02:12+08:00][sql] SHOW FULL COLUMNS FROM `xf_msg` [ RunTime:0.000600s ]
[2022-06-20T18:02:12+08:00][sql] SELECT * FROM `xf_msg` ORDER BY `id` DESC LIMIT 30 [ RunTime:0.000213s ]
[2022-06-20T18:02:12+08:00][sql] SHOW FULL COLUMNS FROM `xf_user` [ RunTime:0.000756s ]
[2022-06-20T18:02:12+08:00][sql] SELECT * FROM `xf_user` WHERE  `id` = 1 LIMIT 1 [ RunTime:0.000262s ]
[2022-06-20T18:49:05+08:00][sql] CONNECT:[ UseTime:0.000410s ] mysql:host=127.0.0.1;port=3306;dbname=nitai4-xf;charset=utf8
[2022-06-20T18:49:05+08:00][sql] SHOW FULL COLUMNS FROM `xf_system` [ RunTime:0.000909s ]
[2022-06-20T18:49:05+08:00][sql] SELECT * FROM `xf_system` WHERE  `id` = 1 LIMIT 1 [ RunTime:0.000311s ]
[2022-06-20T18:49:05+08:00][sql] SHOW FULL COLUMNS FROM `xf_website` [ RunTime:0.000751s ]
[2022-06-20T18:49:05+08:00][sql] SELECT * FROM `xf_website` ORDER BY `id` DESC [ RunTime:0.000275s ]
[2022-06-20T18:49:05+08:00][sql] SHOW FULL COLUMNS FROM `xf_elements` [ RunTime:0.000599s ]
[2022-06-20T18:49:05+08:00][sql] SELECT * FROM `xf_elements` ORDER BY `id` DESC [ RunTime:0.000231s ]
[2022-06-20T18:49:05+08:00][sql] SHOW FULL COLUMNS FROM `xf_friend` [ RunTime:0.000606s ]
[2022-06-20T18:49:05+08:00][sql] SELECT * FROM `xf_friend` WHERE  `status` = 0 ORDER BY `id` DESC [ RunTime:0.000235s ]
[2022-06-20T18:49:05+08:00][sql] SHOW FULL COLUMNS FROM `xf_msg` [ RunTime:0.000562s ]
[2022-06-20T18:49:05+08:00][sql] SELECT * FROM `xf_msg` ORDER BY `id` DESC LIMIT 30 [ RunTime:0.000179s ]
[2022-06-20T18:49:05+08:00][sql] SHOW FULL COLUMNS FROM `xf_user` [ RunTime:0.000580s ]
[2022-06-20T18:49:05+08:00][sql] SELECT * FROM `xf_user` WHERE  `id` = 1 LIMIT 1 [ RunTime:0.000229s ]
[2022-06-20T18:49:05+08:00][sql] CONNECT:[ UseTime:0.000442s ] mysql:host=127.0.0.1;port=3306;dbname=nitai4-xf;charset=utf8
[2022-06-20T18:49:05+08:00][sql] SHOW FULL COLUMNS FROM `xf_system` [ RunTime:0.000945s ]
[2022-06-20T18:49:05+08:00][sql] SELECT * FROM `xf_system` WHERE  `id` = 1 LIMIT 1 [ RunTime:0.000384s ]
[2022-06-20T18:49:05+08:00][sql] SHOW FULL COLUMNS FROM `xf_website` [ RunTime:0.000681s ]
[2022-06-20T18:49:05+08:00][sql] SELECT * FROM `xf_website` ORDER BY `id` DESC [ RunTime:0.000212s ]
[2022-06-20T18:49:05+08:00][sql] SHOW FULL COLUMNS FROM `xf_elements` [ RunTime:0.000647s ]
[2022-06-20T18:49:05+08:00][sql] SELECT * FROM `xf_elements` ORDER BY `id` DESC [ RunTime:0.000201s ]
[2022-06-20T18:49:05+08:00][sql] SHOW FULL COLUMNS FROM `xf_friend` [ RunTime:0.000631s ]
[2022-06-20T18:49:05+08:00][sql] SELECT * FROM `xf_friend` WHERE  `status` = 0 ORDER BY `id` DESC [ RunTime:0.000232s ]
[2022-06-20T18:49:05+08:00][sql] SHOW FULL COLUMNS FROM `xf_msg` [ RunTime:0.000616s ]
[2022-06-20T18:49:05+08:00][sql] SELECT * FROM `xf_msg` ORDER BY `id` DESC LIMIT 30 [ RunTime:0.000182s ]
[2022-06-20T18:49:05+08:00][sql] SHOW FULL COLUMNS FROM `xf_user` [ RunTime:0.000645s ]
[2022-06-20T18:49:05+08:00][sql] SELECT * FROM `xf_user` WHERE  `id` = 1 LIMIT 1 [ RunTime:0.000225s ]
[2022-06-20T18:54:43+08:00][sql] CONNECT:[ UseTime:0.000521s ] mysql:host=127.0.0.1;port=3306;dbname=nitai4-xf;charset=utf8
[2022-06-20T18:54:43+08:00][sql] SHOW FULL COLUMNS FROM `xf_system` [ RunTime:0.001230s ]
[2022-06-20T18:54:43+08:00][sql] SELECT * FROM `xf_system` WHERE  `id` = 1 LIMIT 1 [ RunTime:0.000409s ]
[2022-06-20T18:54:43+08:00][sql] SHOW FULL COLUMNS FROM `xf_website` [ RunTime:0.000835s ]
[2022-06-20T18:54:43+08:00][sql] SELECT * FROM `xf_website` ORDER BY `id` DESC [ RunTime:0.000296s ]
[2022-06-20T18:54:43+08:00][sql] SHOW FULL COLUMNS FROM `xf_elements` [ RunTime:0.001289s ]
[2022-06-20T18:54:43+08:00][sql] SELECT * FROM `xf_elements` ORDER BY `id` DESC [ RunTime:0.000373s ]
[2022-06-20T18:54:43+08:00][sql] SHOW FULL COLUMNS FROM `xf_friend` [ RunTime:0.000906s ]
[2022-06-20T18:54:43+08:00][sql] SELECT * FROM `xf_friend` WHERE  `status` = 0 ORDER BY `id` DESC [ RunTime:0.000378s ]
[2022-06-20T18:54:43+08:00][sql] SHOW FULL COLUMNS FROM `xf_msg` [ RunTime:0.000761s ]
[2022-06-20T18:54:43+08:00][sql] SELECT * FROM `xf_msg` ORDER BY `id` DESC LIMIT 30 [ RunTime:0.000210s ]
[2022-06-20T18:54:43+08:00][sql] SHOW FULL COLUMNS FROM `xf_user` [ RunTime:0.001320s ]
[2022-06-20T18:54:43+08:00][sql] SELECT * FROM `xf_user` WHERE  `id` = 1 LIMIT 1 [ RunTime:0.000326s ]
[2022-06-20T19:40:01+08:00][sql] CONNECT:[ UseTime:0.000369s ] mysql:host=127.0.0.1;port=3306;dbname=nitai4-xf;charset=utf8
[2022-06-20T19:40:01+08:00][sql] SHOW FULL COLUMNS FROM `xf_system` [ RunTime:0.003085s ]
[2022-06-20T19:40:01+08:00][sql] SELECT * FROM `xf_system` WHERE  `id` = 1 LIMIT 1 [ RunTime:0.000298s ]
[2022-06-20T19:40:01+08:00][sql] SHOW FULL COLUMNS FROM `xf_website` [ RunTime:0.000702s ]
[2022-06-20T19:40:01+08:00][sql] SELECT * FROM `xf_website` ORDER BY `id` DESC [ RunTime:0.000813s ]
[2022-06-20T19:40:01+08:00][sql] SHOW FULL COLUMNS FROM `xf_elements` [ RunTime:0.000652s ]
[2022-06-20T19:40:01+08:00][sql] SELECT * FROM `xf_elements` ORDER BY `id` DESC [ RunTime:0.000205s ]
[2022-06-20T19:40:01+08:00][sql] SHOW FULL COLUMNS FROM `xf_friend` [ RunTime:0.000686s ]
[2022-06-20T19:40:01+08:00][sql] SELECT * FROM `xf_friend` WHERE  `status` = 0 ORDER BY `id` DESC [ RunTime:0.000236s ]
[2022-06-20T19:40:01+08:00][sql] SHOW FULL COLUMNS FROM `xf_msg` [ RunTime:0.000635s ]
[2022-06-20T19:40:01+08:00][sql] SELECT * FROM `xf_msg` ORDER BY `id` DESC LIMIT 30 [ RunTime:0.000180s ]
[2022-06-20T19:40:01+08:00][sql] SHOW FULL COLUMNS FROM `xf_user` [ RunTime:0.000840s ]
[2022-06-20T19:40:01+08:00][sql] SELECT * FROM `xf_user` WHERE  `id` = 1 LIMIT 1 [ RunTime:0.000231s ]
[2022-06-20T19:40:01+08:00][sql] CONNECT:[ UseTime:0.000945s ] mysql:host=127.0.0.1;port=3306;dbname=nitai4-xf;charset=utf8
[2022-06-20T19:40:01+08:00][sql] SHOW FULL COLUMNS FROM `xf_system` [ RunTime:0.000912s ]
[2022-06-20T19:40:01+08:00][sql] SELECT * FROM `xf_system` WHERE  `id` = 1 LIMIT 1 [ RunTime:0.000331s ]
[2022-06-20T19:40:01+08:00][sql] SHOW FULL COLUMNS FROM `xf_website` [ RunTime:0.000833s ]
[2022-06-20T19:40:01+08:00][sql] SELECT * FROM `xf_website` ORDER BY `id` DESC [ RunTime:0.000310s ]
[2022-06-20T19:40:01+08:00][sql] SHOW FULL COLUMNS FROM `xf_elements` [ RunTime:0.000882s ]
[2022-06-20T19:40:01+08:00][sql] SELECT * FROM `xf_elements` ORDER BY `id` DESC [ RunTime:0.000227s ]
[2022-06-20T19:40:01+08:00][sql] SHOW FULL COLUMNS FROM `xf_friend` [ RunTime:0.000702s ]
[2022-06-20T19:40:01+08:00][sql] SELECT * FROM `xf_friend` WHERE  `status` = 0 ORDER BY `id` DESC [ RunTime:0.000345s ]
[2022-06-20T19:40:01+08:00][sql] SHOW FULL COLUMNS FROM `xf_msg` [ RunTime:0.000842s ]
[2022-06-20T19:40:01+08:00][sql] SELECT * FROM `xf_msg` ORDER BY `id` DESC LIMIT 30 [ RunTime:0.000207s ]
[2022-06-20T19:40:01+08:00][sql] SHOW FULL COLUMNS FROM `xf_user` [ RunTime:0.000685s ]
[2022-06-20T19:40:01+08:00][sql] SELECT * FROM `xf_user` WHERE  `id` = 1 LIMIT 1 [ RunTime:0.000244s ]
[2022-06-20T19:40:01+08:00][sql] CONNECT:[ UseTime:0.000440s ] mysql:host=127.0.0.1;port=3306;dbname=nitai4-xf;charset=utf8
[2022-06-20T19:40:01+08:00][sql] SHOW FULL COLUMNS FROM `xf_system` [ RunTime:0.001315s ]
[2022-06-20T19:40:01+08:00][sql] SELECT * FROM `xf_system` WHERE  `id` = 1 LIMIT 1 [ RunTime:0.000393s ]
[2022-06-20T19:40:01+08:00][sql] SHOW FULL COLUMNS FROM `xf_website` [ RunTime:0.000767s ]
[2022-06-20T19:40:01+08:00][sql] SELECT * FROM `xf_website` ORDER BY `id` DESC [ RunTime:0.000329s ]
[2022-06-20T19:40:01+08:00][sql] SHOW FULL COLUMNS FROM `xf_elements` [ RunTime:0.001009s ]
[2022-06-20T19:40:01+08:00][sql] SELECT * FROM `xf_elements` ORDER BY `id` DESC [ RunTime:0.000276s ]
[2022-06-20T19:40:01+08:00][sql] SHOW FULL COLUMNS FROM `xf_friend` [ RunTime:0.000607s ]
[2022-06-20T19:40:01+08:00][sql] SELECT * FROM `xf_friend` WHERE  `status` = 0 ORDER BY `id` DESC [ RunTime:0.000316s ]
[2022-06-20T19:40:01+08:00][sql] SHOW FULL COLUMNS FROM `xf_msg` [ RunTime:0.000586s ]
[2022-06-20T19:40:01+08:00][sql] SELECT * FROM `xf_msg` ORDER BY `id` DESC LIMIT 30 [ RunTime:0.000241s ]
[2022-06-20T19:40:01+08:00][sql] SHOW FULL COLUMNS FROM `xf_user` [ RunTime:0.000606s ]
[2022-06-20T19:40:01+08:00][sql] SELECT * FROM `xf_user` WHERE  `id` = 1 LIMIT 1 [ RunTime:0.000274s ]
[2022-06-20T19:40:01+08:00][sql] CONNECT:[ UseTime:0.000372s ] mysql:host=127.0.0.1;port=3306;dbname=nitai4-xf;charset=utf8
[2022-06-20T19:40:01+08:00][sql] SHOW FULL COLUMNS FROM `xf_system` [ RunTime:0.001046s ]
[2022-06-20T19:40:01+08:00][sql] SELECT * FROM `xf_system` WHERE  `id` = 1 LIMIT 1 [ RunTime:0.000314s ]
[2022-06-20T19:40:01+08:00][sql] SHOW FULL COLUMNS FROM `xf_website` [ RunTime:0.000779s ]
[2022-06-20T19:40:01+08:00][sql] SELECT * FROM `xf_website` ORDER BY `id` DESC [ RunTime:0.000224s ]
[2022-06-20T19:40:01+08:00][sql] SHOW FULL COLUMNS FROM `xf_elements` [ RunTime:0.000664s ]
[2022-06-20T19:40:01+08:00][sql] SELECT * FROM `xf_elements` ORDER BY `id` DESC [ RunTime:0.000200s ]
[2022-06-20T19:40:01+08:00][sql] SHOW FULL COLUMNS FROM `xf_friend` [ RunTime:0.000708s ]
[2022-06-20T19:40:01+08:00][sql] SELECT * FROM `xf_friend` WHERE  `status` = 0 ORDER BY `id` DESC [ RunTime:0.000384s ]
[2022-06-20T19:40:01+08:00][sql] SHOW FULL COLUMNS FROM `xf_msg` [ RunTime:0.000568s ]
[2022-06-20T19:40:01+08:00][sql] SELECT * FROM `xf_msg` ORDER BY `id` DESC LIMIT 30 [ RunTime:0.000223s ]
[2022-06-20T19:40:01+08:00][sql] SHOW FULL COLUMNS FROM `xf_user` [ RunTime:0.001170s ]
[2022-06-20T19:40:01+08:00][sql] SELECT * FROM `xf_user` WHERE  `id` = 1 LIMIT 1 [ RunTime:0.000360s ]
[2022-06-20T21:21:08+08:00][sql] CONNECT:[ UseTime:0.000489s ] mysql:host=127.0.0.1;port=3306;dbname=nitai4-xf;charset=utf8
[2022-06-20T21:21:08+08:00][sql] SHOW FULL COLUMNS FROM `xf_system` [ RunTime:0.001136s ]
[2022-06-20T21:21:08+08:00][sql] SELECT * FROM `xf_system` WHERE  `id` = 1 LIMIT 1 [ RunTime:0.000441s ]
[2022-06-20T21:21:08+08:00][sql] SHOW FULL COLUMNS FROM `xf_website` [ RunTime:0.000797s ]
[2022-06-20T21:21:08+08:00][sql] SELECT * FROM `xf_website` ORDER BY `id` DESC [ RunTime:0.000301s ]
[2022-06-20T21:21:08+08:00][sql] SHOW FULL COLUMNS FROM `xf_elements` [ RunTime:0.000946s ]
[2022-06-20T21:21:08+08:00][sql] SELECT * FROM `xf_elements` ORDER BY `id` DESC [ RunTime:0.000309s ]
[2022-06-20T21:21:08+08:00][sql] SHOW FULL COLUMNS FROM `xf_friend` [ RunTime:0.000799s ]
[2022-06-20T21:21:08+08:00][sql] SELECT * FROM `xf_friend` WHERE  `status` = 0 ORDER BY `id` DESC [ RunTime:0.000362s ]
[2022-06-20T21:21:08+08:00][sql] SHOW FULL COLUMNS FROM `xf_msg` [ RunTime:0.000695s ]
[2022-06-20T21:21:08+08:00][sql] SELECT * FROM `xf_msg` ORDER BY `id` DESC LIMIT 30 [ RunTime:0.000247s ]
[2022-06-20T21:21:08+08:00][sql] SHOW FULL COLUMNS FROM `xf_user` [ RunTime:0.001138s ]
[2022-06-20T21:21:08+08:00][sql] SELECT * FROM `xf_user` WHERE  `id` = 1 LIMIT 1 [ RunTime:0.000399s ]
[2022-06-20T22:21:27+08:00][sql] CONNECT:[ UseTime:0.000566s ] mysql:host=127.0.0.1;port=3306;dbname=nitai4-xf;charset=utf8
[2022-06-20T22:21:27+08:00][sql] SHOW FULL COLUMNS FROM `xf_system` [ RunTime:0.003663s ]
[2022-06-20T22:21:27+08:00][sql] SELECT * FROM `xf_system` WHERE  `id` = 1 LIMIT 1 [ RunTime:0.000336s ]
[2022-06-20T22:21:27+08:00][sql] SHOW FULL COLUMNS FROM `xf_website` [ RunTime:0.003214s ]
[2022-06-20T22:21:27+08:00][sql] SELECT * FROM `xf_website` ORDER BY `id` DESC [ RunTime:0.000301s ]
[2022-06-20T22:21:27+08:00][sql] SHOW FULL COLUMNS FROM `xf_elements` [ RunTime:0.003916s ]
[2022-06-20T22:21:27+08:00][sql] SELECT * FROM `xf_elements` ORDER BY `id` DESC [ RunTime:0.000269s ]
[2022-06-20T22:21:27+08:00][sql] SHOW FULL COLUMNS FROM `xf_friend` [ RunTime:0.004197s ]
[2022-06-20T22:21:27+08:00][sql] SELECT * FROM `xf_friend` WHERE  `status` = 0 ORDER BY `id` DESC [ RunTime:0.000295s ]
[2022-06-20T22:21:27+08:00][sql] SHOW FULL COLUMNS FROM `xf_msg` [ RunTime:0.002797s ]
[2022-06-20T22:21:27+08:00][sql] SELECT * FROM `xf_msg` ORDER BY `id` DESC LIMIT 30 [ RunTime:0.000226s ]
[2022-06-20T22:21:27+08:00][sql] SHOW FULL COLUMNS FROM `xf_user` [ RunTime:0.003108s ]
[2022-06-20T22:21:27+08:00][sql] SELECT * FROM `xf_user` WHERE  `id` = 1 LIMIT 1 [ RunTime:0.000274s ]
[2022-06-20T22:30:19+08:00][sql] CONNECT:[ UseTime:0.000487s ] mysql:host=127.0.0.1;port=3306;dbname=nitai4-xf;charset=utf8
[2022-06-20T22:30:19+08:00][sql] SHOW FULL COLUMNS FROM `xf_system` [ RunTime:0.000963s ]
[2022-06-20T22:30:19+08:00][sql] SELECT * FROM `xf_system` WHERE  `id` = 1 LIMIT 1 [ RunTime:0.000387s ]
[2022-06-20T22:30:19+08:00][sql] SHOW FULL COLUMNS FROM `xf_website` [ RunTime:0.000652s ]
[2022-06-20T22:30:19+08:00][sql] SELECT * FROM `xf_website` ORDER BY `id` DESC [ RunTime:0.000223s ]
[2022-06-20T22:30:19+08:00][sql] SHOW FULL COLUMNS FROM `xf_elements` [ RunTime:0.000617s ]
[2022-06-20T22:30:19+08:00][sql] SELECT * FROM `xf_elements` ORDER BY `id` DESC [ RunTime:0.000233s ]
[2022-06-20T22:30:19+08:00][sql] SHOW FULL COLUMNS FROM `xf_friend` [ RunTime:0.000547s ]
[2022-06-20T22:30:19+08:00][sql] SELECT * FROM `xf_friend` WHERE  `status` = 0 ORDER BY `id` DESC [ RunTime:0.000254s ]
[2022-06-20T22:30:19+08:00][sql] SHOW FULL COLUMNS FROM `xf_msg` [ RunTime:0.000508s ]
[2022-06-20T22:30:19+08:00][sql] SELECT * FROM `xf_msg` ORDER BY `id` DESC LIMIT 30 [ RunTime:0.000187s ]
[2022-06-20T22:30:19+08:00][sql] SHOW FULL COLUMNS FROM `xf_user` [ RunTime:0.000552s ]
[2022-06-20T22:30:19+08:00][sql] SELECT * FROM `xf_user` WHERE  `id` = 1 LIMIT 1 [ RunTime:0.000231s ]
[2022-06-20T23:24:41+08:00][sql] CONNECT:[ UseTime:0.000502s ] mysql:host=127.0.0.1;port=3306;dbname=nitai4-xf;charset=utf8
[2022-06-20T23:24:41+08:00][sql] SHOW FULL COLUMNS FROM `xf_system` [ RunTime:0.000880s ]
[2022-06-20T23:24:41+08:00][sql] SELECT * FROM `xf_system` WHERE  `id` = 1 LIMIT 1 [ RunTime:0.000324s ]
[2022-06-20T23:24:41+08:00][sql] SHOW FULL COLUMNS FROM `xf_website` [ RunTime:0.000623s ]
[2022-06-20T23:24:41+08:00][sql] SELECT * FROM `xf_website` ORDER BY `id` DESC [ RunTime:0.000196s ]
[2022-06-20T23:24:41+08:00][sql] SHOW FULL COLUMNS FROM `xf_elements` [ RunTime:0.000628s ]
[2022-06-20T23:24:41+08:00][sql] SELECT * FROM `xf_elements` ORDER BY `id` DESC [ RunTime:0.000192s ]
[2022-06-20T23:24:41+08:00][sql] SHOW FULL COLUMNS FROM `xf_friend` [ RunTime:0.000605s ]
[2022-06-20T23:24:41+08:00][sql] SELECT * FROM `xf_friend` WHERE  `status` = 0 ORDER BY `id` DESC [ RunTime:0.000226s ]
[2022-06-20T23:24:41+08:00][sql] SHOW FULL COLUMNS FROM `xf_msg` [ RunTime:0.000584s ]
[2022-06-20T23:24:41+08:00][sql] SELECT * FROM `xf_msg` ORDER BY `id` DESC LIMIT 30 [ RunTime:0.000176s ]
[2022-06-20T23:24:41+08:00][sql] SHOW FULL COLUMNS FROM `xf_user` [ RunTime:0.000631s ]
[2022-06-20T23:24:41+08:00][sql] SELECT * FROM `xf_user` WHERE  `id` = 1 LIMIT 1 [ RunTime:0.000220s ]
